<?xml version="1.0" encoding="UTF-8"?>
<testsuite xmlns:xsi="http://www.w3.org/2001/XMLSchema-instance" xsi:noNamespaceSchemaLocation="https://maven.apache.org/surefire/maven-failsafe-plugin/xsd/failsafe-test-report.xsd" name="com.sura.frauddetection.runner.TestDefraudadores" time="2.925" tests="47" errors="0" skipped="0" failures="32">
  <properties>
    <property name="java.runtime.name" value="Java(TM) SE Runtime Environment"/>
    <property name="sun.boot.library.path" value="C:\Program Files\Java\jdk1.8.0_211\jre\bin"/>
    <property name="java.vm.version" value="25.211-b12"/>
    <property name="java.vm.vendor" value="Oracle Corporation"/>
    <property name="maven.multiModuleProjectDirectory" value="C:/Users/juan.betancur/Documents/Confidencial/Seminario/frauddetection"/>
    <property name="java.vendor.url" value="http://java.oracle.com/"/>
    <property name="path.separator" value=";"/>
    <property name="guice.disable.misplaced.annotation.check" value="true"/>
    <property name="java.vm.name" value="Java HotSpot(TM) 64-Bit Server VM"/>
    <property name="file.encoding.pkg" value="sun.io"/>
    <property name="user.script" value=""/>
    <property name="user.country" value="US"/>
    <property name="sun.java.launcher" value="SUN_STANDARD"/>
    <property name="sun.os.patch.level" value=""/>
    <property name="java.vm.specification.name" value="Java Virtual Machine Specification"/>
    <property name="user.dir" value="C:\Users\juan.betancur\Documents\Confidencial\Seminario\frauddetection"/>
    <property name="java.runtime.version" value="1.8.0_211-b12"/>
    <property name="java.awt.graphicsenv" value="sun.awt.Win32GraphicsEnvironment"/>
    <property name="basedir" value="C:\Users\juan.betancur\Documents\Confidencial\Seminario\frauddetection"/>
    <property name="java.endorsed.dirs" value="C:\Program Files\Java\jdk1.8.0_211\jre\lib\endorsed"/>
    <property name="os.arch" value="amd64"/>
    <property name="java.io.tmpdir" value="C:\Users\JUAN~1.BET\AppData\Local\Temp\"/>
    <property name="line.separator" value="&#10;"/>
    <property name="java.vm.specification.vendor" value="Oracle Corporation"/>
    <property name="user.variant" value=""/>
    <property name="os.name" value="Windows 10"/>
    <property name="classworlds.conf" value="C:/apache-maven-3.6.1/bin/m2.conf"/>
    <property name="sun.jnu.encoding" value="Cp1252"/>
    <property name="java.library.path" value="C:\Program Files\Java\jdk1.8.0_211\bin;C:\WINDOWS\Sun\Java\bin;C:\WINDOWS\system32;C:\WINDOWS;C:\Users\juan.betancur\bin;C:\Program Files\Git\mingw64\bin;C:\Program Files\Git\usr\local\bin;C:\Program Files\Git\usr\bin;C:\Program Files\Git\usr\bin;C:\Program Files\Git\mingw64\bin;C:\Program Files\Git\usr\bin;C:\Users\juan.betancur\bin;C:\Program Files (x86)\Common Files\Oracle\Java\javapath;C:\WINDOWS\system32;C:\WINDOWS;C:\WINDOWS\System32\Wbem;C:\WINDOWS\System32\WindowsPowerShell\v1.0;C:\WINDOWS\System32\OpenSSH;C:\Program Files\TortoiseSVN\bin;C:\apache-maven-3.6.1\bin;C:\Program Files\Git\cmd;C:\Program Files\Java\jdk1.8.0_211\bin;C:\apache-maven-3.6.1\bin;C:\wamp64\bin\php\php7.3.5;C:\ProgramData\ComposerSetup\bin;C:\Program Files\nodejs;C:\Users\juan.betancur\AppData\Local\Microsoft\WindowsApps;C:\Users\juan.betancur\AppData\Roaming\Composer\vendor\bin;C:\Users\juan.betancur\AppData\Roaming\npm;C:\Program Files\Git\usr\bin\vendor_perl;C:\Program Files\Git\usr\bin\core_perl;."/>
    <property name="surefire.test.class.path" value="C:\Users\juan.betancur\Documents\Confidencial\Seminario\frauddetection\target\test-classes;C:\Users\juan.betancur\Documents\Confidencial\Seminario\frauddetection\target\frauddetection-0.0.1-SNAPSHOT.jar;C:\Users\juan.betancur\.m2\repository\org\slf4j\slf4j-simple\1.7.7\slf4j-simple-1.7.7.jar;C:\Users\juan.betancur\.m2\repository\org\slf4j\slf4j-api\1.7.7\slf4j-api-1.7.7.jar;C:\Users\juan.betancur\.m2\repository\net\serenity-bdd\serenity-core\2.0.52\serenity-core-2.0.52.jar;C:\Users\juan.betancur\.m2\repository\net\bytebuddy\byte-buddy\1.9.12\byte-buddy-1.9.12.jar;C:\Users\juan.betancur\.m2\repository\net\bytebuddy\byte-buddy-agent\1.9.12\byte-buddy-agent-1.9.12.jar;C:\Users\juan.betancur\.m2\repository\com\google\guava\guava\25.0-jre\guava-25.0-jre.jar;C:\Users\juan.betancur\.m2\repository\com\google\code\findbugs\jsr305\1.3.9\jsr305-1.3.9.jar;C:\Users\juan.betancur\.m2\repository\org\checkerframework\checker-compat-qual\2.0.0\checker-compat-qual-2.0.0.jar;C:\Users\juan.betancur\.m2\repository\com\google\errorprone\error_prone_annotations\2.1.3\error_prone_annotations-2.1.3.jar;C:\Users\juan.betancur\.m2\repository\com\google\j2objc\j2objc-annotations\1.1\j2objc-annotations-1.1.jar;C:\Users\juan.betancur\.m2\repository\org\codehaus\mojo\animal-sniffer-annotations\1.14\animal-sniffer-annotations-1.14.jar;C:\Users\juan.betancur\.m2\repository\com\google\inject\guice\4.2.2\guice-4.2.2.jar;C:\Users\juan.betancur\.m2\repository\javax\inject\javax.inject\1\javax.inject-1.jar;C:\Users\juan.betancur\.m2\repository\aopalliance\aopalliance\1.0\aopalliance-1.0.jar;C:\Users\juan.betancur\.m2\repository\cglib\cglib\3.2.5\cglib-3.2.5.jar;C:\Users\juan.betancur\.m2\repository\org\ow2\asm\asm\5.0.3\asm-5.0.3.jar;C:\Users\juan.betancur\.m2\repository\commons-codec\commons-codec\1.10\commons-codec-1.10.jar;C:\Users\juan.betancur\.m2\repository\org\objenesis\objenesis\2.6\objenesis-2.6.jar;C:\Users\juan.betancur\.m2\repository\xml-apis\xml-apis\1.4.01\xml-apis-1.4.01.jar;C:\Users\juan.betancur\.m2\repository\io\cucumber\cucumber-core\2.4.0\cucumber-core-2.4.0.jar;C:\Users\juan.betancur\.m2\repository\info\cukes\cucumber-html\0.2.6\cucumber-html-0.2.6.jar;C:\Users\juan.betancur\.m2\repository\io\cucumber\cucumber-jvm-deps\1.0.6\cucumber-jvm-deps-1.0.6.jar;C:\Users\juan.betancur\.m2\repository\io\cucumber\gherkin\5.0.0\gherkin-5.0.0.jar;C:\Users\juan.betancur\.m2\repository\io\cucumber\tag-expressions\1.1.1\tag-expressions-1.1.1.jar;C:\Users\juan.betancur\.m2\repository\commons-logging\commons-logging\1.2\commons-logging-1.2.jar;C:\Users\juan.betancur\.m2\repository\io\vavr\vavr\0.9.0\vavr-0.9.0.jar;C:\Users\juan.betancur\.m2\repository\io\vavr\vavr-match\0.9.0\vavr-match-0.9.0.jar;C:\Users\juan.betancur\.m2\repository\javax\xml\bind\jaxb-api\2.2.12\jaxb-api-2.2.12.jar;C:\Users\juan.betancur\.m2\repository\com\sun\xml\bind\jaxb-core\2.3.0.1\jaxb-core-2.3.0.1.jar;C:\Users\juan.betancur\.m2\repository\com\sun\xml\bind\jaxb-impl\2.3.0.1\jaxb-impl-2.3.0.1.jar;C:\Users\juan.betancur\.m2\repository\javax\activation\activation\1.1.1\activation-1.1.1.jar;C:\Users\juan.betancur\.m2\repository\org\mockito\mockito-core\2.25.0\mockito-core-2.25.0.jar;C:\Users\juan.betancur\.m2\repository\net\serenity-bdd\serenity-report-resources\2.0.52\serenity-report-resources-2.0.52.jar;C:\Users\juan.betancur\.m2\repository\net\serenity-bdd\serenity-model\2.0.52\serenity-model-2.0.52.jar;C:\Users\juan.betancur\.m2\repository\commons-net\commons-net\3.6\commons-net-3.6.jar;C:\Users\juan.betancur\.m2\repository\org\apache\commons\commons-text\1.6\commons-text-1.6.jar;C:\Users\juan.betancur\.m2\repository\net\serenity-bdd\serenity-reports\2.0.52\serenity-reports-2.0.52.jar;C:\Users\juan.betancur\.m2\repository\commons-io\commons-io\2.6\commons-io-2.6.jar;C:\Users\juan.betancur\.m2\repository\org\seleniumhq\selenium\selenium-server\3.141.59\selenium-server-3.141.59.jar;C:\Users\juan.betancur\.m2\repository\org\seleniumhq\selenium\selenium-firefox-driver\3.141.59\selenium-firefox-driver-3.141.59.jar;C:\Users\juan.betancur\.m2\repository\org\seleniumhq\selenium\selenium-ie-driver\3.141.59\selenium-ie-driver-3.141.59.jar;C:\Users\juan.betancur\.m2\repository\com\beust\jcommander\1.72\jcommander-1.72.jar;C:\Users\juan.betancur\.m2\repository\org\apache\commons\commons-exec\1.3\commons-exec-1.3.jar;C:\Users\juan.betancur\.m2\repository\net\jcip\jcip-annotations\1.0\jcip-annotations-1.0.jar;C:\Users\juan.betancur\.m2\repository\org\seleniumhq\selenium\jetty-repacked\9.4.12.v20180830\jetty-repacked-9.4.12.v20180830.jar;C:\Users\juan.betancur\.m2\repository\com\squareup\okhttp3\okhttp\3.11.0\okhttp-3.11.0.jar;C:\Users\juan.betancur\.m2\repository\com\squareup\okio\okio\1.14.0\okio-1.14.0.jar;C:\Users\juan.betancur\.m2\repository\javax\servlet\javax.servlet-api\3.1.0\javax.servlet-api-3.1.0.jar;C:\Users\juan.betancur\.m2\repository\org\yaml\snakeyaml\1.19\snakeyaml-1.19.jar;C:\Users\juan.betancur\.m2\repository\org\seleniumhq\selenium\selenium-java\3.141.59\selenium-java-3.141.59.jar;C:\Users\juan.betancur\.m2\repository\org\seleniumhq\selenium\selenium-api\3.141.59\selenium-api-3.141.59.jar;C:\Users\juan.betancur\.m2\repository\org\seleniumhq\selenium\selenium-chrome-driver\3.141.59\selenium-chrome-driver-3.141.59.jar;C:\Users\juan.betancur\.m2\repository\org\seleniumhq\selenium\selenium-edge-driver\3.141.59\selenium-edge-driver-3.141.59.jar;C:\Users\juan.betancur\.m2\repository\org\seleniumhq\selenium\selenium-remote-driver\3.141.59\selenium-remote-driver-3.141.59.jar;C:\Users\juan.betancur\.m2\repository\org\seleniumhq\selenium\selenium-safari-driver\3.141.59\selenium-safari-driver-3.141.59.jar;C:\Users\juan.betancur\.m2\repository\org\seleniumhq\selenium\selenium-opera-driver\3.141.59\selenium-opera-driver-3.141.59.jar;C:\Users\juan.betancur\.m2\repository\org\seleniumhq\selenium\selenium-support\3.141.59\selenium-support-3.141.59.jar;C:\Users\juan.betancur\.m2\repository\com\paulhammant\ngwebdriver\1.1.4\ngwebdriver-1.1.4.jar;C:\Users\juan.betancur\.m2\repository\com\codeborne\phantomjsdriver\1.4.4\phantomjsdriver-1.4.4.jar;C:\Users\juan.betancur\.m2\repository\org\eclipse\jetty\jetty-util\9.4.8.v20171121\jetty-util-9.4.8.v20171121.jar;C:\Users\juan.betancur\.m2\repository\org\eclipse\jetty\jetty-io\9.4.8.v20171121\jetty-io-9.4.8.v20171121.jar;C:\Users\juan.betancur\.m2\repository\org\seleniumhq\selenium\htmlunit-driver\2.33.1\htmlunit-driver-2.33.1.jar;C:\Users\juan.betancur\.m2\repository\io\appium\java-client\7.0.0\java-client-7.0.0.jar;C:\Users\juan.betancur\.m2\repository\commons-validator\commons-validator\1.6\commons-validator-1.6.jar;C:\Users\juan.betancur\.m2\repository\commons-beanutils\commons-beanutils\1.9.2\commons-beanutils-1.9.2.jar;C:\Users\juan.betancur\.m2\repository\commons-digester\commons-digester\1.8.1\commons-digester-1.8.1.jar;C:\Users\juan.betancur\.m2\repository\org\aspectj\aspectjweaver\1.9.1\aspectjweaver-1.9.1.jar;C:\Users\juan.betancur\.m2\repository\org\springframework\spring-context-support\5.1.2.RELEASE\spring-context-support-5.1.2.RELEASE.jar;C:\Users\juan.betancur\.m2\repository\org\springframework\spring-beans\5.1.2.RELEASE\spring-beans-5.1.2.RELEASE.jar;C:\Users\juan.betancur\.m2\repository\org\springframework\spring-context\5.1.2.RELEASE\spring-context-5.1.2.RELEASE.jar;C:\Users\juan.betancur\.m2\repository\org\springframework\spring-aop\5.1.2.RELEASE\spring-aop-5.1.2.RELEASE.jar;C:\Users\juan.betancur\.m2\repository\org\springframework\spring-expression\5.1.2.RELEASE\spring-expression-5.1.2.RELEASE.jar;C:\Users\juan.betancur\.m2\repository\org\springframework\spring-core\5.1.2.RELEASE\spring-core-5.1.2.RELEASE.jar;C:\Users\juan.betancur\.m2\repository\org\springframework\spring-jcl\5.1.2.RELEASE\spring-jcl-5.1.2.RELEASE.jar;C:\Users\juan.betancur\.m2\repository\org\glassfish\tyrus\tyrus-core\1.13.1\tyrus-core-1.13.1.jar;C:\Users\juan.betancur\.m2\repository\org\glassfish\tyrus\tyrus-spi\1.13.1\tyrus-spi-1.13.1.jar;C:\Users\juan.betancur\.m2\repository\javax\websocket\javax.websocket-api\1.1\javax.websocket-api-1.1.jar;C:\Users\juan.betancur\.m2\repository\org\codehaus\groovy\groovy\2.5.5\groovy-2.5.5.jar;C:\Users\juan.betancur\.m2\repository\net\sf\opencsv\opencsv\2.0\opencsv-2.0.jar;C:\Users\juan.betancur\.m2\repository\commons-beanutils\commons-beanutils-core\1.8.3\commons-beanutils-core-1.8.3.jar;C:\Users\juan.betancur\.m2\repository\joda-time\joda-time\2.7\joda-time-2.7.jar;C:\Users\juan.betancur\.m2\repository\com\thoughtworks\xstream\xstream\1.4.9\xstream-1.4.9.jar;C:\Users\juan.betancur\.m2\repository\xmlpull\xmlpull\1.1.3.1\xmlpull-1.1.3.1.jar;C:\Users\juan.betancur\.m2\repository\xpp3\xpp3_min\1.1.4c\xpp3_min-1.1.4c.jar;C:\Users\juan.betancur\.m2\repository\org\apache\commons\commons-lang3\3.8.1\commons-lang3-3.8.1.jar;C:\Users\juan.betancur\.m2\repository\commons-collections\commons-collections\3.2.2\commons-collections-3.2.2.jar;C:\Users\juan.betancur\.m2\repository\org\freemarker\freemarker\2.3.28\freemarker-2.3.28.jar;C:\Users\juan.betancur\.m2\repository\net\sourceforge\jexcelapi\jxl\2.6.12\jxl-2.6.12.jar;C:\Users\juan.betancur\.m2\repository\org\hamcrest\hamcrest-core\1.3\hamcrest-core-1.3.jar;C:\Users\juan.betancur\.m2\repository\org\hamcrest\hamcrest-library\1.3\hamcrest-library-1.3.jar;C:\Users\juan.betancur\.m2\repository\net\sourceforge\htmlunit\htmlunit\2.33\htmlunit-2.33.jar;C:\Users\juan.betancur\.m2\repository\net\sourceforge\htmlunit\htmlunit-core-js\2.33\htmlunit-core-js-2.33.jar;C:\Users\juan.betancur\.m2\repository\net\sourceforge\htmlunit\neko-htmlunit\2.33\neko-htmlunit-2.33.jar;C:\Users\juan.betancur\.m2\repository\xerces\xercesImpl\2.12.0\xercesImpl-2.12.0.jar;C:\Users\juan.betancur\.m2\repository\net\sourceforge\htmlunit\htmlunit-cssparser\1.2.0\htmlunit-cssparser-1.2.0.jar;C:\Users\juan.betancur\.m2\repository\org\eclipse\jetty\websocket\websocket-client\9.4.12.v20180830\websocket-client-9.4.12.v20180830.jar;C:\Users\juan.betancur\.m2\repository\org\eclipse\jetty\jetty-client\9.4.12.v20180830\jetty-client-9.4.12.v20180830.jar;C:\Users\juan.betancur\.m2\repository\org\eclipse\jetty\jetty-http\9.4.12.v20180830\jetty-http-9.4.12.v20180830.jar;C:\Users\juan.betancur\.m2\repository\org\eclipse\jetty\jetty-xml\9.4.12.v20180830\jetty-xml-9.4.12.v20180830.jar;C:\Users\juan.betancur\.m2\repository\org\eclipse\jetty\websocket\websocket-common\9.4.12.v20180830\websocket-common-9.4.12.v20180830.jar;C:\Users\juan.betancur\.m2\repository\org\eclipse\jetty\websocket\websocket-api\9.4.12.v20180830\websocket-api-9.4.12.v20180830.jar;C:\Users\juan.betancur\.m2\repository\org\apache\httpcomponents\httpclient\4.5.5\httpclient-4.5.5.jar;C:\Users\juan.betancur\.m2\repository\org\apache\httpcomponents\httpcore\4.4.9\httpcore-4.4.9.jar;C:\Users\juan.betancur\.m2\repository\org\apache\httpcomponents\httpmime\4.5.5\httpmime-4.5.5.jar;C:\Users\juan.betancur\.m2\repository\org\fluentlenium\fluentlenium-core\0.10.2\fluentlenium-core-0.10.2.jar;C:\Users\juan.betancur\.m2\repository\com\jhlabs\filters\2.0.235\filters-2.0.235.jar;C:\Users\juan.betancur\.m2\repository\org\asciidoctor\asciidoctorj\1.5.6\asciidoctorj-1.5.6.jar;C:\Users\juan.betancur\.m2\repository\org\jruby\jruby-complete\1.7.26\jruby-complete-1.7.26.jar;C:\Users\juan.betancur\.m2\repository\org\imgscalr\imgscalr-lib\4.2\imgscalr-lib-4.2.jar;C:\Users\juan.betancur\.m2\repository\javax\el\javax.el-api\2.2.4\javax.el-api-2.2.4.jar;C:\Users\juan.betancur\.m2\repository\org\glassfish\web\javax.el\2.2.4\javax.el-2.2.4.jar;C:\Users\juan.betancur\.m2\repository\xalan\xalan\2.7.2\xalan-2.7.2.jar;C:\Users\juan.betancur\.m2\repository\xalan\serializer\2.7.2\serializer-2.7.2.jar;C:\Users\juan.betancur\.m2\repository\org\awaitility\awaitility\3.1.0\awaitility-3.1.0.jar;C:\Users\juan.betancur\.m2\repository\com\typesafe\config\1.3.1\config-1.3.1.jar;C:\Users\juan.betancur\.m2\repository\org\jsoup\jsoup\1.10.3\jsoup-1.10.3.jar;C:\Users\juan.betancur\.m2\repository\com\google\jimfs\jimfs\1.1\jimfs-1.1.jar;C:\Users\juan.betancur\.m2\repository\es\nitaur\markdown\txtmark\0.16\txtmark-0.16.jar;C:\Users\juan.betancur\.m2\repository\com\vladsch\flexmark\flexmark-all\0.34.30\flexmark-all-0.34.30.jar;C:\Users\juan.betancur\.m2\repository\com\vladsch\flexmark\flexmark\0.34.30\flexmark-0.34.30.jar;C:\Users\juan.betancur\.m2\repository\com\vladsch\flexmark\flexmark-ext-abbreviation\0.34.30\flexmark-ext-abbreviation-0.34.30.jar;C:\Users\juan.betancur\.m2\repository\com\vladsch\flexmark\flexmark-ext-admonition\0.34.30\flexmark-ext-admonition-0.34.30.jar;C:\Users\juan.betancur\.m2\repository\com\vladsch\flexmark\flexmark-ext-anchorlink\0.34.30\flexmark-ext-anchorlink-0.34.30.jar;C:\Users\juan.betancur\.m2\repository\com\vladsch\flexmark\flexmark-ext-aside\0.34.30\flexmark-ext-aside-0.34.30.jar;C:\Users\juan.betancur\.m2\repository\com\vladsch\flexmark\flexmark-ext-attributes\0.34.30\flexmark-ext-attributes-0.34.30.jar;C:\Users\juan.betancur\.m2\repository\com\vladsch\flexmark\flexmark-ext-autolink\0.34.30\flexmark-ext-autolink-0.34.30.jar;C:\Users\juan.betancur\.m2\repository\org\nibor\autolink\autolink\0.6.0\autolink-0.6.0.jar;C:\Users\juan.betancur\.m2\repository\com\vladsch\flexmark\flexmark-ext-definition\0.34.30\flexmark-ext-definition-0.34.30.jar;C:\Users\juan.betancur\.m2\repository\com\vladsch\flexmark\flexmark-ext-emoji\0.34.30\flexmark-ext-emoji-0.34.30.jar;C:\Users\juan.betancur\.m2\repository\com\vladsch\flexmark\flexmark-ext-enumerated-reference\0.34.30\flexmark-ext-enumerated-reference-0.34.30.jar;C:\Users\juan.betancur\.m2\repository\com\vladsch\flexmark\flexmark-ext-escaped-character\0.34.30\flexmark-ext-escaped-character-0.34.30.jar;C:\Users\juan.betancur\.m2\repository\com\vladsch\flexmark\flexmark-ext-footnotes\0.34.30\flexmark-ext-footnotes-0.34.30.jar;C:\Users\juan.betancur\.m2\repository\com\vladsch\flexmark\flexmark-ext-gfm-issues\0.34.30\flexmark-ext-gfm-issues-0.34.30.jar;C:\Users\juan.betancur\.m2\repository\com\vladsch\flexmark\flexmark-ext-gfm-strikethrough\0.34.30\flexmark-ext-gfm-strikethrough-0.34.30.jar;C:\Users\juan.betancur\.m2\repository\com\vladsch\flexmark\flexmark-ext-gfm-tables\0.34.30\flexmark-ext-gfm-tables-0.34.30.jar;C:\Users\juan.betancur\.m2\repository\com\vladsch\flexmark\flexmark-ext-gfm-tasklist\0.34.30\flexmark-ext-gfm-tasklist-0.34.30.jar;C:\Users\juan.betancur\.m2\repository\com\vladsch\flexmark\flexmark-ext-gfm-users\0.34.30\flexmark-ext-gfm-users-0.34.30.jar;C:\Users\juan.betancur\.m2\repository\com\vladsch\flexmark\flexmark-ext-gitlab\0.34.30\flexmark-ext-gitlab-0.34.30.jar;C:\Users\juan.betancur\.m2\repository\com\vladsch\flexmark\flexmark-ext-jekyll-front-matter\0.34.30\flexmark-ext-jekyll-front-matter-0.34.30.jar;C:\Users\juan.betancur\.m2\repository\com\vladsch\flexmark\flexmark-ext-jekyll-tag\0.34.30\flexmark-ext-jekyll-tag-0.34.30.jar;C:\Users\juan.betancur\.m2\repository\com\vladsch\flexmark\flexmark-ext-media-tags\0.34.30\flexmark-ext-media-tags-0.34.30.jar;C:\Users\juan.betancur\.m2\repository\com\vladsch\flexmark\flexmark-test-util\0.34.30\flexmark-test-util-0.34.30.jar;C:\Users\juan.betancur\.m2\repository\com\vladsch\flexmark\flexmark-ext-ins\0.34.30\flexmark-ext-ins-0.34.30.jar;C:\Users\juan.betancur\.m2\repository\com\vladsch\flexmark\flexmark-ext-xwiki-macros\0.34.30\flexmark-ext-xwiki-macros-0.34.30.jar;C:\Users\juan.betancur\.m2\repository\com\vladsch\flexmark\flexmark-ext-superscript\0.34.30\flexmark-ext-superscript-0.34.30.jar;C:\Users\juan.betancur\.m2\repository\com\vladsch\flexmark\flexmark-ext-tables\0.34.30\flexmark-ext-tables-0.34.30.jar;C:\Users\juan.betancur\.m2\repository\com\vladsch\flexmark\flexmark-ext-toc\0.34.30\flexmark-ext-toc-0.34.30.jar;C:\Users\juan.betancur\.m2\repository\com\vladsch\flexmark\flexmark-ext-typographic\0.34.30\flexmark-ext-typographic-0.34.30.jar;C:\Users\juan.betancur\.m2\repository\com\vladsch\flexmark\flexmark-ext-wikilink\0.34.30\flexmark-ext-wikilink-0.34.30.jar;C:\Users\juan.betancur\.m2\repository\com\vladsch\flexmark\flexmark-ext-yaml-front-matter\0.34.30\flexmark-ext-yaml-front-matter-0.34.30.jar;C:\Users\juan.betancur\.m2\repository\com\vladsch\flexmark\flexmark-ext-youtube-embedded\0.34.30\flexmark-ext-youtube-embedded-0.34.30.jar;C:\Users\juan.betancur\.m2\repository\com\vladsch\flexmark\flexmark-formatter\0.34.30\flexmark-formatter-0.34.30.jar;C:\Users\juan.betancur\.m2\repository\com\vladsch\flexmark\flexmark-html-parser\0.34.30\flexmark-html-parser-0.34.30.jar;C:\Users\juan.betancur\.m2\repository\com\vladsch\flexmark\flexmark-jira-converter\0.34.30\flexmark-jira-converter-0.34.30.jar;C:\Users\juan.betancur\.m2\repository\com\vladsch\flexmark\flexmark-pdf-converter\0.34.30\flexmark-pdf-converter-0.34.30.jar;C:\Users\juan.betancur\.m2\repository\com\openhtmltopdf\openhtmltopdf-core\0.0.1-RC13\openhtmltopdf-core-0.0.1-RC13.jar;C:\Users\juan.betancur\.m2\repository\com\openhtmltopdf\openhtmltopdf-pdfbox\0.0.1-RC13\openhtmltopdf-pdfbox-0.0.1-RC13.jar;C:\Users\juan.betancur\.m2\repository\org\apache\pdfbox\pdfbox\2.0.8\pdfbox-2.0.8.jar;C:\Users\juan.betancur\.m2\repository\org\apache\pdfbox\fontbox\2.0.8\fontbox-2.0.8.jar;C:\Users\juan.betancur\.m2\repository\org\apache\pdfbox\xmpbox\2.0.8\xmpbox-2.0.8.jar;C:\Users\juan.betancur\.m2\repository\de\rototor\pdfbox\graphics2d\0.12\graphics2d-0.12.jar;C:\Users\juan.betancur\.m2\repository\com\openhtmltopdf\openhtmltopdf-rtl-support\0.0.1-RC13\openhtmltopdf-rtl-support-0.0.1-RC13.jar;C:\Users\juan.betancur\.m2\repository\com\ibm\icu\icu4j\59.1\icu4j-59.1.jar;C:\Users\juan.betancur\.m2\repository\com\openhtmltopdf\openhtmltopdf-jsoup-dom-converter\0.0.1-RC13\openhtmltopdf-jsoup-dom-converter-0.0.1-RC13.jar;C:\Users\juan.betancur\.m2\repository\com\vladsch\flexmark\flexmark-profile-pegdown\0.34.30\flexmark-profile-pegdown-0.34.30.jar;C:\Users\juan.betancur\.m2\repository\com\vladsch\flexmark\flexmark-util\0.34.30\flexmark-util-0.34.30.jar;C:\Users\juan.betancur\.m2\repository\com\vladsch\flexmark\flexmark-youtrack-converter\0.34.30\flexmark-youtrack-converter-0.34.30.jar;C:\Users\juan.betancur\.m2\repository\net\serenity-bdd\serenity-junit\2.0.52\serenity-junit-2.0.52.jar;C:\Users\juan.betancur\.m2\repository\net\serenity-bdd\serenity-screenplay\2.0.52\serenity-screenplay-2.0.52.jar;C:\Users\juan.betancur\.m2\repository\uk\com\robust-it\cloning\1.9.10\cloning-1.9.10.jar;C:\Users\juan.betancur\.m2\repository\net\serenity-bdd\serenity-screenplay-webdriver\2.0.52\serenity-screenplay-webdriver-2.0.52.jar;C:\Users\juan.betancur\.m2\repository\net\serenity-bdd\serenity-cucumber\1.9.8\serenity-cucumber-1.9.8.jar;C:\Users\juan.betancur\.m2\repository\io\cucumber\cucumber-java\2.3.1\cucumber-java-2.3.1.jar;C:\Users\juan.betancur\.m2\repository\io\cucumber\cucumber-junit\2.3.1\cucumber-junit-2.3.1.jar;C:\Users\juan.betancur\.m2\repository\net\serenity-bdd\serenity-emailer\2.0.52\serenity-emailer-2.0.52.jar;C:\Users\juan.betancur\.m2\repository\net\serenity-bdd\serenity-stats\2.0.52\serenity-stats-2.0.52.jar;C:\Users\juan.betancur\.m2\repository\org\jetbrains\kotlin\kotlin-stdlib\1.3.31\kotlin-stdlib-1.3.31.jar;C:\Users\juan.betancur\.m2\repository\org\jetbrains\kotlin\kotlin-stdlib-common\1.3.31\kotlin-stdlib-common-1.3.31.jar;C:\Users\juan.betancur\.m2\repository\org\jetbrains\annotations\13.0\annotations-13.0.jar;C:\Users\juan.betancur\.m2\repository\org\jetbrains\kotlin\kotlin-stdlib-jdk8\1.3.31\kotlin-stdlib-jdk8-1.3.31.jar;C:\Users\juan.betancur\.m2\repository\org\jetbrains\kotlin\kotlin-stdlib-jdk7\1.3.31\kotlin-stdlib-jdk7-1.3.31.jar;C:\Users\juan.betancur\.m2\repository\org\thymeleaf\thymeleaf\3.0.9.RELEASE\thymeleaf-3.0.9.RELEASE.jar;C:\Users\juan.betancur\.m2\repository\ognl\ognl\3.1.12\ognl-3.1.12.jar;C:\Users\juan.betancur\.m2\repository\org\javassist\javassist\3.20.0-GA\javassist-3.20.0-GA.jar;C:\Users\juan.betancur\.m2\repository\org\attoparser\attoparser\2.0.4.RELEASE\attoparser-2.0.4.RELEASE.jar;C:\Users\juan.betancur\.m2\repository\org\unbescape\unbescape\1.1.5.RELEASE\unbescape-1.1.5.RELEASE.jar;C:\Users\juan.betancur\.m2\repository\org\knowm\xchart\xchart\3.5.2\xchart-3.5.2.jar;C:\Users\juan.betancur\.m2\repository\de\erichseifert\vectorgraphics2d\VectorGraphics2D\0.13\VectorGraphics2D-0.13.jar;C:\Users\juan.betancur\.m2\repository\org\thymeleaf\extras\thymeleaf-extras-java8time\3.0.1.RELEASE\thymeleaf-extras-java8time-3.0.1.RELEASE.jar;C:\Users\juan.betancur\.m2\repository\junit\junit\4.12\junit-4.12.jar;C:\Users\juan.betancur\.m2\repository\org\assertj\assertj-core\3.6.2\assertj-core-3.6.2.jar;C:\Users\juan.betancur\.m2\repository\org\hamcrest\hamcrest-all\1.3\hamcrest-all-1.3.jar;C:\Users\juan.betancur\.m2\repository\com\google\code\gson\gson\2.8.5\gson-2.8.5.jar;"/>
    <property name="maven.conf" value="C:/apache-maven-3.6.1/conf"/>
    <property name="java.specification.name" value="Java Platform API Specification"/>
    <property name="java.class.version" value="52.0"/>
    <property name="sun.management.compiler" value="HotSpot 64-Bit Tiered Compilers"/>
    <property name="os.version" value="10.0"/>
    <property name="library.jansi.path" value="C:/apache-maven-3.6.1/lib/jansi-native"/>
    <property name="user.home" value="C:\Users\juan.betancur"/>
    <property name="user.timezone" value="America/Bogota"/>
    <property name="java.awt.printerjob" value="sun.awt.windows.WPrinterJob"/>
    <property name="java.specification.version" value="1.8"/>
    <property name="file.encoding" value="Cp1252"/>
    <property name="user.name" value="juan.betancur"/>
    <property name="java.class.path" value="C:/apache-maven-3.6.1/boot/plexus-classworlds-2.6.0.jar"/>
    <property name="java.vm.specification.version" value="1.8"/>
    <property name="sun.arch.data.model" value="64"/>
    <property name="java.home" value="C:\Program Files\Java\jdk1.8.0_211\jre"/>
    <property name="sun.java.command" value="org.codehaus.plexus.classworlds.launcher.Launcher clean verify serenity:aggregate"/>
    <property name="java.specification.vendor" value="Oracle Corporation"/>
    <property name="user.language" value="en"/>
    <property name="awt.toolkit" value="sun.awt.windows.WToolkit"/>
    <property name="java.vm.info" value="mixed mode"/>
    <property name="java.version" value="1.8.0_211"/>
    <property name="java.ext.dirs" value="C:\Program Files\Java\jdk1.8.0_211\jre\lib\ext;C:\WINDOWS\Sun\Java\lib\ext"/>
    <property name="sun.boot.class.path" value="C:\Program Files\Java\jdk1.8.0_211\jre\lib\resources.jar;C:\Program Files\Java\jdk1.8.0_211\jre\lib\rt.jar;C:\Program Files\Java\jdk1.8.0_211\jre\lib\sunrsasign.jar;C:\Program Files\Java\jdk1.8.0_211\jre\lib\jsse.jar;C:\Program Files\Java\jdk1.8.0_211\jre\lib\jce.jar;C:\Program Files\Java\jdk1.8.0_211\jre\lib\charsets.jar;C:\Program Files\Java\jdk1.8.0_211\jre\lib\jfr.jar;C:\Program Files\Java\jdk1.8.0_211\jre\classes"/>
    <property name="java.vendor" value="Oracle Corporation"/>
    <property name="maven.home" value="C:\apache-maven-3.6.1"/>
    <property name="localRepository" value="C:\Users\juan.betancur\.m2\repository"/>
    <property name="file.separator" value="\"/>
    <property name="java.vendor.url.bug" value="http://bugreport.sun.com/bugreport/"/>
    <property name="sun.cpu.endian" value="little"/>
    <property name="sun.io.unicode.encoding" value="UnicodeLittle"/>
    <property name="sun.desktop" value="windows"/>
    <property name="sun.cpu.isalist" value="amd64"/>
  </properties>
  <testcase name="prediccion[1]" classname="com.sura.frauddetection.runner.TestDefraudadores" time="0.077"/>
  <testcase name="prediccion[3]" classname="com.sura.frauddetection.runner.TestDefraudadores" time="0.077"/>
  <testcase name="prediccion[0]" classname="com.sura.frauddetection.runner.TestDefraudadores" time="0.106">
    <failure message="El empleado expected:&lt;[S]ospechoso de fraude&gt; but was:&lt;[No es s]ospechoso de fraude&gt;" type="java.lang.AssertionError"><![CDATA[java.lang.AssertionError: El empleado expected:<[S]ospechoso de fraude> but was:<[No es s]ospechoso de fraude>
	at com.sura.frauddetection.runner.TestDefraudadores.prediccion(TestDefraudadores.java:37)
]]></failure>
    <system-err><![CDATA[[TestDefraudadores-1-thread-4] INFO net.thucydides.core.steps.ConsoleLoggingListener - &amp#27;[92m
        __    _____ _____ ____ _____   ____   _    ____  ____  _____ ____  
  _     \ \  |_   _| ____/ ___|_   _| |  _ \ / \  / ___|/ ___|| ____|  _ \ 
 (_)_____| |   | | |  _| \___ \ | |   | |_) / _ \ \___ \\___ \|  _| | | | |
  _|_____| |   | | | |___ ___) || |   |  __/ ___ \ ___) |___) | |___| |_| |
 (_)     | |   |_| |_____|____/ |_|   |_| /_/   \_\____/|____/|_____|____/ 
        /_/                                                                

TEST PASSED: Prediccion
----------------------------------------------------------------------------&amp#27;[0m
]]></system-err>
  </testcase>
  <testcase name="prediccion[0]" classname="com.sura.frauddetection.runner.TestDefraudadores" time="0.003">
    <failure message="El empleado expected:&lt;[S]ospechoso de fraude&gt; but was:&lt;[No es s]ospechoso de fraude&gt;" type="java.lang.AssertionError"><![CDATA[java.lang.AssertionError: El empleado expected:<[S]ospechoso de fraude> but was:<[No es s]ospechoso de fraude>
	at com.sura.frauddetection.runner.TestDefraudadores.prediccion(TestDefraudadores.java:37)
]]></failure>
  </testcase>
  <testcase name="prediccion[2]" classname="com.sura.frauddetection.runner.TestDefraudadores" time="0.106">
    <failure message="El empleado expected:&lt;[S]ospechoso de fraude&gt; but was:&lt;[No es s]ospechoso de fraude&gt;" type="java.lang.AssertionError"><![CDATA[java.lang.AssertionError: El empleado expected:<[S]ospechoso de fraude> but was:<[No es s]ospechoso de fraude>
	at com.sura.frauddetection.runner.TestDefraudadores.prediccion(TestDefraudadores.java:37)
]]></failure>
  </testcase>
  <testcase name="prediccion[2]" classname="com.sura.frauddetection.runner.TestDefraudadores" time="0.008">
    <failure message="El empleado expected:&lt;[S]ospechoso de fraude&gt; but was:&lt;[No es s]ospechoso de fraude&gt;" type="java.lang.AssertionError"><![CDATA[java.lang.AssertionError: El empleado expected:<[S]ospechoso de fraude> but was:<[No es s]ospechoso de fraude>
	at com.sura.frauddetection.runner.TestDefraudadores.prediccion(TestDefraudadores.java:37)
]]></failure>
    <system-err><![CDATA[[TestDefraudadores-1-thread-3] ERROR net.thucydides.core.steps.ConsoleLoggingListener - &amp#27;[91m
           __  _____ _____ ____ _____   _____ _    ___ _     _____ ____  
  _       / / |_   _| ____/ ___|_   _| |  ___/ \  |_ _| |   | ____|  _ \ 
 (_)_____| |    | | |  _| \___ \ | |   | |_ / _ \  | || |   |  _| | | | |
  _|_____| |    | | | |___ ___) || |   |  _/ ___ \ | || |___| |___| |_| |
 (_)     | |    |_| |_____|____/ |_|   |_|/_/   \_\___|_____|_____|____/ 
          \_\                                                            

TEST FAILED: Prediccion
--------------------------------------------------------------------------&amp#27;[0m
[TestDefraudadores-1-thread-3] ERROR net.thucydides.core.steps.ConsoleLoggingListener - &amp#27;[91mTEST FAILED AT STEP Entonces se debe obtener una prediccion&amp#27;[0m
[TestDefraudadores-1-thread-3] ERROR net.thucydides.core.steps.ConsoleLoggingListener - El empleado expected:<[S]ospechoso de fraude> but was:<[No es s]ospechoso de fraude>
[TestDefraudadores-1-thread-2] INFO net.thucydides.core.steps.ConsoleLoggingListener - &amp#27;[92m
        __    _____ _____ ____ _____   ____   _    ____  ____  _____ ____  
  _     \ \  |_   _| ____/ ___|_   _| |  _ \ / \  / ___|/ ___|| ____|  _ \ 
 (_)_____| |   | | |  _| \___ \ | |   | |_) / _ \ \___ \\___ \|  _| | | | |
  _|_____| |   | | | |___ ___) || |   |  __/ ___ \ ___) |___) | |___| |_| |
 (_)     | |   |_| |_____|____/ |_|   |_| /_/   \_\____/|____/|_____|____/ 
        /_/                                                                

TEST PASSED: Prediccion
----------------------------------------------------------------------------&amp#27;[0m
[TestDefraudadores-1-thread-3] INFO net.serenitybdd.junit.runners.SerenityRunner - Retrying class com.sura.frauddetection.runner.TestDefraudadores prediccion: attempt 0
[TestDefraudadores-1-thread-3] INFO net.thucydides.core.steps.ConsoleLoggingListener - 
 _____ _____ ____ _____   ____ _____  _    ____ _____ _____ ____  
|_   _| ____/ ___|_   _| / ___|_   _|/ \  |  _ \_   _| ____|  _ \ 
  | | |  _| \___ \ | |   \___ \ | | / _ \ | |_) || | |  _| | | | |
  | | | |___ ___) || |    ___) || |/ ___ \|  _ < | | | |___| |_| |
  |_| |_____|____/ |_|   |____/ |_/_/   \_\_| \_\|_| |_____|____/ 
                                                                  

TEST STARTED: prediccion[2]
-------------------------------------------------------------------
[TestDefraudadores-1-thread-3] INFO net.serenitybdd.core.Serenity - TEST NUMBER: 5
[TestDefraudadores-1-thread-1] ERROR net.thucydides.core.steps.ConsoleLoggingListener - &amp#27;[91m
           __  _____ _____ ____ _____   _____ _    ___ _     _____ ____  
  _       / / |_   _| ____/ ___|_   _| |  ___/ \  |_ _| |   | ____|  _ \ 
 (_)_____| |    | | |  _| \___ \ | |   | |_ / _ \  | || |   |  _| | | | |
  _|_____| |    | | | |___ ___) || |   |  _/ ___ \ | || |___| |___| |_| |
 (_)     | |    |_| |_____|____/ |_|   |_|/_/   \_\___|_____|_____|____/ 
          \_\                                                            

TEST FAILED: Prediccion
--------------------------------------------------------------------------&amp#27;[0m
[TestDefraudadores-1-thread-1] ERROR net.thucydides.core.steps.ConsoleLoggingListener - &amp#27;[91mTEST FAILED AT STEP Entonces se debe obtener una prediccion&amp#27;[0m
[TestDefraudadores-1-thread-1] ERROR net.thucydides.core.steps.ConsoleLoggingListener - El empleado expected:<[S]ospechoso de fraude> but was:<[No es s]ospechoso de fraude>
]]></system-err>
  </testcase>
  <testcase name="prediccion[4]" classname="com.sura.frauddetection.runner.TestDefraudadores" time="0.005">
    <failure message="El empleado expected:&lt;[S]ospechoso de fraude&gt; but was:&lt;[No es s]ospechoso de fraude&gt;" type="java.lang.AssertionError"><![CDATA[java.lang.AssertionError: El empleado expected:<[S]ospechoso de fraude> but was:<[No es s]ospechoso de fraude>
	at com.sura.frauddetection.runner.TestDefraudadores.prediccion(TestDefraudadores.java:37)
]]></failure>
    <system-err><![CDATA[[TestDefraudadores-1-thread-1] INFO net.serenitybdd.junit.runners.SerenityRunner - Retrying class com.sura.frauddetection.runner.TestDefraudadores prediccion: attempt 0
[TestDefraudadores-1-thread-3] ERROR net.thucydides.core.steps.ConsoleLoggingListener - &amp#27;[91m
           __  _____ _____ ____ _____   _____ _    ___ _     _____ ____  
  _       / / |_   _| ____/ ___|_   _| |  ___/ \  |_ _| |   | ____|  _ \ 
 (_)_____| |    | | |  _| \___ \ | |   | |_ / _ \  | || |   |  _| | | | |
  _|_____| |    | | | |___ ___) || |   |  _/ ___ \ | || |___| |___| |_| |
 (_)     | |    |_| |_____|____/ |_|   |_|/_/   \_\___|_____|_____|____/ 
          \_\                                                            

TEST FAILED: Prediccion
--------------------------------------------------------------------------&amp#27;[0m
[TestDefraudadores-1-thread-3] ERROR net.thucydides.core.steps.ConsoleLoggingListener - &amp#27;[91mTEST FAILED AT STEP Entonces se debe obtener una prediccion&amp#27;[0m
[TestDefraudadores-1-thread-3] ERROR net.thucydides.core.steps.ConsoleLoggingListener - El empleado expected:<[S]ospechoso de fraude> but was:<[No es s]ospechoso de fraude>
[TestDefraudadores-1-thread-4] INFO net.thucydides.core.steps.ConsoleLoggingListener - Test Suite Started: Test defraudadores
[TestDefraudadores-1-thread-4] INFO net.thucydides.core.steps.ConsoleLoggingListener - 
 _____ _____ ____ _____   ____ _____  _    ____ _____ _____ ____  
|_   _| ____/ ___|_   _| / ___|_   _|/ \  |  _ \_   _| ____|  _ \ 
  | | |  _| \___ \ | |   \___ \ | | / _ \ | |_) || | |  _| | | | |
  | | | |___ ___) || |    ___) || |/ ___ \|  _ < | | | |___| |_| |
  |_| |_____|____/ |_|   |____/ |_/_/   \_\_| \_\|_| |_____|____/ 
                                                                  

TEST STARTED: prediccion[4]
-------------------------------------------------------------------
[TestDefraudadores-1-thread-4] INFO net.serenitybdd.core.Serenity - TEST NUMBER: 6
[TestDefraudadores-1-thread-1] INFO net.thucydides.core.steps.ConsoleLoggingListener - 
 _____ _____ ____ _____   ____ _____  _    ____ _____ _____ ____  
|_   _| ____/ ___|_   _| / ___|_   _|/ \  |  _ \_   _| ____|  _ \ 
  | | |  _| \___ \ | |   \___ \ | | / _ \ | |_) || | |  _| | | | |
  | | | |___ ___) || |    ___) || |/ ___ \|  _ < | | | |___| |_| |
  |_| |_____|____/ |_|   |____/ |_/_/   \_\_| \_\|_| |_____|____/ 
                                                                  

TEST STARTED: prediccion[0]
-------------------------------------------------------------------
[TestDefraudadores-1-thread-1] INFO net.serenitybdd.core.Serenity - TEST NUMBER: 7
[TestDefraudadores-1-thread-2] INFO net.thucydides.core.steps.ConsoleLoggingListener - Test Suite Started: Test defraudadores
[TestDefraudadores-1-thread-2] INFO net.thucydides.core.steps.ConsoleLoggingListener - 
 _____ _____ ____ _____   ____ _____  _    ____ _____ _____ ____  
|_   _| ____/ ___|_   _| / ___|_   _|/ \  |  _ \_   _| ____|  _ \ 
  | | |  _| \___ \ | |   \___ \ | | / _ \ | |_) || | |  _| | | | |
  | | | |___ ___) || |    ___) || |/ ___ \|  _ < | | | |___| |_| |
  |_| |_____|____/ |_|   |____/ |_/_/   \_\_| \_\|_| |_____|____/ 
                                                                  

TEST STARTED: prediccion[5]
-------------------------------------------------------------------
[TestDefraudadores-1-thread-2] INFO net.serenitybdd.core.Serenity - TEST NUMBER: 8
]]></system-err>
  </testcase>
  <testcase name="prediccion[4]" classname="com.sura.frauddetection.runner.TestDefraudadores" time="0.007">
    <failure message="El empleado expected:&lt;[S]ospechoso de fraude&gt; but was:&lt;[No es s]ospechoso de fraude&gt;" type="java.lang.AssertionError"><![CDATA[java.lang.AssertionError: El empleado expected:<[S]ospechoso de fraude> but was:<[No es s]ospechoso de fraude>
	at com.sura.frauddetection.runner.TestDefraudadores.prediccion(TestDefraudadores.java:37)
]]></failure>
  </testcase>
  <testcase name="prediccion[5]" classname="com.sura.frauddetection.runner.TestDefraudadores" time="0.003"/>
  <testcase name="prediccion[6]" classname="com.sura.frauddetection.runner.TestDefraudadores" time="0.007">
    <failure message="El empleado expected:&lt;[S]ospechoso de fraude&gt; but was:&lt;[No es s]ospechoso de fraude&gt;" type="java.lang.AssertionError"><![CDATA[java.lang.AssertionError: El empleado expected:<[S]ospechoso de fraude> but was:<[No es s]ospechoso de fraude>
	at com.sura.frauddetection.runner.TestDefraudadores.prediccion(TestDefraudadores.java:37)
]]></failure>
    <system-err><![CDATA[[TestDefraudadores-1-thread-4] ERROR net.thucydides.core.steps.ConsoleLoggingListener - &amp#27;[91m
           __  _____ _____ ____ _____   _____ _    ___ _     _____ ____  
  _       / / |_   _| ____/ ___|_   _| |  ___/ \  |_ _| |   | ____|  _ \ 
 (_)_____| |    | | |  _| \___ \ | |   | |_ / _ \  | || |   |  _| | | | |
  _|_____| |    | | | |___ ___) || |   |  _/ ___ \ | || |___| |___| |_| |
 (_)     | |    |_| |_____|____/ |_|   |_|/_/   \_\___|_____|_____|____/ 
          \_\                                                            

TEST FAILED: Prediccion
--------------------------------------------------------------------------&amp#27;[0m
[TestDefraudadores-1-thread-4] ERROR net.thucydides.core.steps.ConsoleLoggingListener - &amp#27;[91mTEST FAILED AT STEP Entonces se debe obtener una prediccion&amp#27;[0m
[TestDefraudadores-1-thread-4] ERROR net.thucydides.core.steps.ConsoleLoggingListener - El empleado expected:<[S]ospechoso de fraude> but was:<[No es s]ospechoso de fraude>
]]></system-err>
  </testcase>
  <testcase name="prediccion[6]" classname="com.sura.frauddetection.runner.TestDefraudadores" time="0">
    <failure message="El empleado expected:&lt;[S]ospechoso de fraude&gt; but was:&lt;[No es s]ospechoso de fraude&gt;" type="java.lang.AssertionError"><![CDATA[java.lang.AssertionError: El empleado expected:<[S]ospechoso de fraude> but was:<[No es s]ospechoso de fraude>
	at com.sura.frauddetection.runner.TestDefraudadores.prediccion(TestDefraudadores.java:37)
]]></failure>
    <system-err><![CDATA[[TestDefraudadores-1-thread-3] ERROR net.thucydides.core.steps.ConsoleLoggingListener - &amp#27;[91m
           __  _____ _____ ____ _____   _____ _    ___ _     _____ ____  
  _       / / |_   _| ____/ ___|_   _| |  ___/ \  |_ _| |   | ____|  _ \ 
 (_)_____| |    | | |  _| \___ \ | |   | |_ / _ \  | || |   |  _| | | | |
  _|_____| |    | | | |___ ___) || |   |  _/ ___ \ | || |___| |___| |_| |
 (_)     | |    |_| |_____|____/ |_|   |_|/_/   \_\___|_____|_____|____/ 
          \_\                                                            

TEST FAILED: Prediccion
--------------------------------------------------------------------------&amp#27;[0m
[TestDefraudadores-1-thread-3] ERROR net.thucydides.core.steps.ConsoleLoggingListener - &amp#27;[91mTEST FAILED AT STEP Entonces se debe obtener una prediccion&amp#27;[0m
[TestDefraudadores-1-thread-3] ERROR net.thucydides.core.steps.ConsoleLoggingListener - El empleado expected:<[S]ospechoso de fraude> but was:<[No es s]ospechoso de fraude>
[TestDefraudadores-1-thread-3] INFO net.serenitybdd.junit.runners.SerenityRunner - Retrying class com.sura.frauddetection.runner.TestDefraudadores prediccion: attempt 0
[TestDefraudadores-1-thread-3] INFO net.thucydides.core.steps.ConsoleLoggingListener - 
 _____ _____ ____ _____   ____ _____  _    ____ _____ _____ ____  
|_   _| ____/ ___|_   _| / ___|_   _|/ \  |  _ \_   _| ____|  _ \ 
  | | |  _| \___ \ | |   \___ \ | | / _ \ | |_) || | |  _| | | | |
  | | | |___ ___) || |    ___) || |/ ___ \|  _ < | | | |___| |_| |
  |_| |_____|____/ |_|   |____/ |_/_/   \_\_| \_\|_| |_____|____/ 
                                                                  

TEST STARTED: prediccion[6]
-------------------------------------------------------------------
[TestDefraudadores-1-thread-3] INFO net.serenitybdd.core.Serenity - TEST NUMBER: 10
[TestDefraudadores-1-thread-2] INFO net.thucydides.core.steps.ConsoleLoggingListener - &amp#27;[92m
        __    _____ _____ ____ _____   ____   _    ____  ____  _____ ____  
  _     \ \  |_   _| ____/ ___|_   _| |  _ \ / \  / ___|/ ___|| ____|  _ \ 
 (_)_____| |   | | |  _| \___ \ | |   | |_) / _ \ \___ \\___ \|  _| | | | |
  _|_____| |   | | | |___ ___) || |   |  __/ ___ \ ___) |___) | |___| |_| |
 (_)     | |   |_| |_____|____/ |_|   |_| /_/   \_\____/|____/|_____|____/ 
        /_/                                                                

TEST PASSED: Prediccion
----------------------------------------------------------------------------&amp#27;[0m
[TestDefraudadores-1-thread-1] ERROR net.thucydides.core.steps.ConsoleLoggingListener - &amp#27;[91m
           __  _____ _____ ____ _____   _____ _    ___ _     _____ ____  
  _       / / |_   _| ____/ ___|_   _| |  ___/ \  |_ _| |   | ____|  _ \ 
 (_)_____| |    | | |  _| \___ \ | |   | |_ / _ \  | || |   |  _| | | | |
  _|_____| |    | | | |___ ___) || |   |  _/ ___ \ | || |___| |___| |_| |
 (_)     | |    |_| |_____|____/ |_|   |_|/_/   \_\___|_____|_____|____/ 
          \_\                                                            

TEST FAILED: Prediccion
--------------------------------------------------------------------------&amp#27;[0m
[TestDefraudadores-1-thread-1] ERROR net.thucydides.core.steps.ConsoleLoggingListener - &amp#27;[91mTEST FAILED AT STEP Entonces se debe obtener una prediccion&amp#27;[0m
[TestDefraudadores-1-thread-1] ERROR net.thucydides.core.steps.ConsoleLoggingListener - El empleado expected:<[S]ospechoso de fraude> but was:<[No es s]ospechoso de fraude>
[TestDefraudadores-1-thread-4] INFO net.serenitybdd.junit.runners.SerenityRunner - Retrying class com.sura.frauddetection.runner.TestDefraudadores prediccion: attempt 0
]]></system-err>
  </testcase>
  <testcase name="prediccion[9]" classname="com.sura.frauddetection.runner.TestDefraudadores" time="0.007"/>
  <testcase name="prediccion[7]" classname="com.sura.frauddetection.runner.TestDefraudadores" time="0.008"/>
  <testcase name="prediccion[8]" classname="com.sura.frauddetection.runner.TestDefraudadores" time="0.015">
    <failure message="El empleado expected:&lt;[S]ospechoso de fraude&gt; but was:&lt;[No es s]ospechoso de fraude&gt;" type="java.lang.AssertionError"><![CDATA[java.lang.AssertionError: El empleado expected:<[S]ospechoso de fraude> but was:<[No es s]ospechoso de fraude>
	at com.sura.frauddetection.runner.TestDefraudadores.prediccion(TestDefraudadores.java:37)
]]></failure>
    <system-err><![CDATA[[TestDefraudadores-1-thread-4] ERROR net.thucydides.core.steps.ConsoleLoggingListener - &amp#27;[91m
           __  _____ _____ ____ _____   _____ _    ___ _     _____ ____  
  _       / / |_   _| ____/ ___|_   _| |  ___/ \  |_ _| |   | ____|  _ \ 
 (_)_____| |    | | |  _| \___ \ | |   | |_ / _ \  | || |   |  _| | | | |
  _|_____| |    | | | |___ ___) || |   |  _/ ___ \ | || |___| |___| |_| |
 (_)     | |    |_| |_____|____/ |_|   |_|/_/   \_\___|_____|_____|____/ 
          \_\                                                            

TEST FAILED: Prediccion
--------------------------------------------------------------------------&amp#27;[0m
[TestDefraudadores-1-thread-4] ERROR net.thucydides.core.steps.ConsoleLoggingListener - &amp#27;[91mTEST FAILED AT STEP Entonces se debe obtener una prediccion&amp#27;[0m
[TestDefraudadores-1-thread-4] ERROR net.thucydides.core.steps.ConsoleLoggingListener - El empleado expected:<[S]ospechoso de fraude> but was:<[No es s]ospechoso de fraude>
[TestDefraudadores-1-thread-2] INFO net.thucydides.core.steps.ConsoleLoggingListener - &amp#27;[92m
        __    _____ _____ ____ _____   ____   _    ____  ____  _____ ____  
  _     \ \  |_   _| ____/ ___|_   _| |  _ \ / \  / ___|/ ___|| ____|  _ \ 
 (_)_____| |   | | |  _| \___ \ | |   | |_) / _ \ \___ \\___ \|  _| | | | |
  _|_____| |   | | | |___ ___) || |   |  __/ ___ \ ___) |___) | |___| |_| |
 (_)     | |   |_| |_____|____/ |_|   |_| /_/   \_\____/|____/|_____|____/ 
        /_/                                                                

TEST PASSED: Prediccion
----------------------------------------------------------------------------&amp#27;[0m
]]></system-err>
  </testcase>
  <testcase name="prediccion[8]" classname="com.sura.frauddetection.runner.TestDefraudadores" time="0.009">
    <failure message="El empleado expected:&lt;[S]ospechoso de fraude&gt; but was:&lt;[No es s]ospechoso de fraude&gt;" type="java.lang.AssertionError"><![CDATA[java.lang.AssertionError: El empleado expected:<[S]ospechoso de fraude> but was:<[No es s]ospechoso de fraude>
	at com.sura.frauddetection.runner.TestDefraudadores.prediccion(TestDefraudadores.java:37)
]]></failure>
    <system-err><![CDATA[[TestDefraudadores-1-thread-3] INFO net.thucydides.core.steps.ConsoleLoggingListener - Test Suite Started: Test defraudadores
[TestDefraudadores-1-thread-3] INFO net.thucydides.core.steps.ConsoleLoggingListener - 
 _____ _____ ____ _____   ____ _____  _    ____ _____ _____ ____  
|_   _| ____/ ___|_   _| / ___|_   _|/ \  |  _ \_   _| ____|  _ \ 
  | | |  _| \___ \ | |   \___ \ | | / _ \ | |_) || | |  _| | | | |
  | | | |___ ___) || |    ___) || |/ ___ \|  _ < | | | |___| |_| |
  |_| |_____|____/ |_|   |____/ |_/_/   \_\_| \_\|_| |_____|____/ 
                                                                  

TEST STARTED: prediccion[12]
-------------------------------------------------------------------
[TestDefraudadores-1-thread-3] INFO net.serenitybdd.core.Serenity - TEST NUMBER: 18
]]></system-err>
  </testcase>
  <testcase name="prediccion[10]" classname="com.sura.frauddetection.runner.TestDefraudadores" time="0.006">
    <failure message="El empleado expected:&lt;[S]ospechoso de fraude&gt; but was:&lt;[No es s]ospechoso de fraude&gt;" type="java.lang.AssertionError"><![CDATA[java.lang.AssertionError: El empleado expected:<[S]ospechoso de fraude> but was:<[No es s]ospechoso de fraude>
	at com.sura.frauddetection.runner.TestDefraudadores.prediccion(TestDefraudadores.java:37)
]]></failure>
    <system-err><![CDATA[[TestDefraudadores-1-thread-1] ERROR net.thucydides.core.steps.ConsoleLoggingListener - &amp#27;[91m
           __  _____ _____ ____ _____   _____ _    ___ _     _____ ____  
  _       / / |_   _| ____/ ___|_   _| |  ___/ \  |_ _| |   | ____|  _ \ 
 (_)_____| |    | | |  _| \___ \ | |   | |_ / _ \  | || |   |  _| | | | |
  _|_____| |    | | | |___ ___) || |   |  _/ ___ \ | || |___| |___| |_| |
 (_)     | |    |_| |_____|____/ |_|   |_|/_/   \_\___|_____|_____|____/ 
          \_\                                                            

TEST FAILED: Prediccion
--------------------------------------------------------------------------&amp#27;[0m
[TestDefraudadores-1-thread-1] ERROR net.thucydides.core.steps.ConsoleLoggingListener - &amp#27;[91mTEST FAILED AT STEP Entonces se debe obtener una prediccion&amp#27;[0m
[TestDefraudadores-1-thread-1] ERROR net.thucydides.core.steps.ConsoleLoggingListener - El empleado expected:<[S]ospechoso de fraude> but was:<[No es s]ospechoso de fraude>
[TestDefraudadores-1-thread-3] INFO net.thucydides.core.steps.ConsoleLoggingListener - &amp#27;[92m
        __    _____ _____ ____ _____   ____   _    ____  ____  _____ ____  
  _     \ \  |_   _| ____/ ___|_   _| |  _ \ / \  / ___|/ ___|| ____|  _ \ 
 (_)_____| |   | | |  _| \___ \ | |   | |_) / _ \ \___ \\___ \|  _| | | | |
  _|_____| |   | | | |___ ___) || |   |  __/ ___ \ ___) |___) | |___| |_| |
 (_)     | |   |_| |_____|____/ |_|   |_| /_/   \_\____/|____/|_____|____/ 
        /_/                                                                

TEST PASSED: Prediccion
----------------------------------------------------------------------------&amp#27;[0m
[TestDefraudadores-1-thread-1] INFO net.serenitybdd.junit.runners.SerenityRunner - Retrying class com.sura.frauddetection.runner.TestDefraudadores prediccion: attempt 0
[TestDefraudadores-1-thread-4] INFO net.thucydides.core.steps.ConsoleLoggingListener - Test Suite Started: Test defraudadores
[TestDefraudadores-1-thread-4] INFO net.thucydides.core.steps.ConsoleLoggingListener - 
 _____ _____ ____ _____   ____ _____  _    ____ _____ _____ ____  
|_   _| ____/ ___|_   _| / ___|_   _|/ \  |  _ \_   _| ____|  _ \ 
  | | |  _| \___ \ | |   \___ \ | | / _ \ | |_) || | |  _| | | | |
  | | | |___ ___) || |    ___) || |/ ___ \|  _ < | | | |___| |_| |
  |_| |_____|____/ |_|   |____/ |_/_/   \_\_| \_\|_| |_____|____/ 
                                                                  

TEST STARTED: prediccion[10]
-------------------------------------------------------------------
[TestDefraudadores-1-thread-4] INFO net.serenitybdd.core.Serenity - TEST NUMBER: 15
[TestDefraudadores-1-thread-1] INFO net.thucydides.core.steps.ConsoleLoggingListener - 
 _____ _____ ____ _____   ____ _____  _    ____ _____ _____ ____  
|_   _| ____/ ___|_   _| / ___|_   _|/ \  |  _ \_   _| ____|  _ \ 
  | | |  _| \___ \ | |   \___ \ | | / _ \ | |_) || | |  _| | | | |
  | | | |___ ___) || |    ___) || |/ ___ \|  _ < | | | |___| |_| |
  |_| |_____|____/ |_|   |____/ |_/_/   \_\_| \_\|_| |_____|____/ 
                                                                  

TEST STARTED: prediccion[8]
-------------------------------------------------------------------
[TestDefraudadores-1-thread-1] INFO net.serenitybdd.core.Serenity - TEST NUMBER: 16
[TestDefraudadores-1-thread-2] INFO net.thucydides.core.steps.ConsoleLoggingListener - Test Suite Started: Test defraudadores
[TestDefraudadores-1-thread-2] INFO net.thucydides.core.steps.ConsoleLoggingListener - 
 _____ _____ ____ _____   ____ _____  _    ____ _____ _____ ____  
|_   _| ____/ ___|_   _| / ___|_   _|/ \  |  _ \_   _| ____|  _ \ 
  | | |  _| \___ \ | |   \___ \ | | / _ \ | |_) || | |  _| | | | |
  | | | |___ ___) || |    ___) || |/ ___ \|  _ < | | | |___| |_| |
  |_| |_____|____/ |_|   |____/ |_/_/   \_\_| \_\|_| |_____|____/ 
                                                                  

TEST STARTED: prediccion[11]
-------------------------------------------------------------------
[TestDefraudadores-1-thread-2] INFO net.serenitybdd.core.Serenity - TEST NUMBER: 17
]]></system-err>
  </testcase>
  <testcase name="prediccion[10]" classname="com.sura.frauddetection.runner.TestDefraudadores" time="0.009">
    <failure message="El empleado expected:&lt;[S]ospechoso de fraude&gt; but was:&lt;[No es s]ospechoso de fraude&gt;" type="java.lang.AssertionError"><![CDATA[java.lang.AssertionError: El empleado expected:<[S]ospechoso de fraude> but was:<[No es s]ospechoso de fraude>
	at com.sura.frauddetection.runner.TestDefraudadores.prediccion(TestDefraudadores.java:37)
]]></failure>
    <system-err><![CDATA[[TestDefraudadores-1-thread-2] INFO net.thucydides.core.steps.ConsoleLoggingListener - &amp#27;[92m
        __    _____ _____ ____ _____   ____   _    ____  ____  _____ ____  
  _     \ \  |_   _| ____/ ___|_   _| |  _ \ / \  / ___|/ ___|| ____|  _ \ 
 (_)_____| |   | | |  _| \___ \ | |   | |_) / _ \ \___ \\___ \|  _| | | | |
  _|_____| |   | | | |___ ___) || |   |  __/ ___ \ ___) |___) | |___| |_| |
 (_)     | |   |_| |_____|____/ |_|   |_| /_/   \_\____/|____/|_____|____/ 
        /_/                                                                

TEST PASSED: Prediccion
----------------------------------------------------------------------------&amp#27;[0m
]]></system-err>
  </testcase>
  <testcase name="prediccion[11]" classname="com.sura.frauddetection.runner.TestDefraudadores" time="0.01"/>
  <testcase name="prediccion[12]" classname="com.sura.frauddetection.runner.TestDefraudadores" time="0">
    <failure message="El empleado expected:&lt;[S]ospechoso de fraude&gt; but was:&lt;[No es s]ospechoso de fraude&gt;" type="java.lang.AssertionError"><![CDATA[java.lang.AssertionError: El empleado expected:<[S]ospechoso de fraude> but was:<[No es s]ospechoso de fraude>
	at com.sura.frauddetection.runner.TestDefraudadores.prediccion(TestDefraudadores.java:37)
]]></failure>
    <system-err><![CDATA[[TestDefraudadores-1-thread-2] INFO net.thucydides.core.steps.ConsoleLoggingListener - &amp#27;[92m
        __    _____ _____ ____ _____   ____   _    ____  ____  _____ ____  
  _     \ \  |_   _| ____/ ___|_   _| |  _ \ / \  / ___|/ ___|| ____|  _ \ 
 (_)_____| |   | | |  _| \___ \ | |   | |_) / _ \ \___ \\___ \|  _| | | | |
  _|_____| |   | | | |___ ___) || |   |  __/ ___ \ ___) |___) | |___| |_| |
 (_)     | |   |_| |_____|____/ |_|   |_| /_/   \_\____/|____/|_____|____/ 
        /_/                                                                

TEST PASSED: Prediccion
----------------------------------------------------------------------------&amp#27;[0m
[TestDefraudadores-1-thread-1] ERROR net.thucydides.core.steps.ConsoleLoggingListener - &amp#27;[91m
           __  _____ _____ ____ _____   _____ _    ___ _     _____ ____  
  _       / / |_   _| ____/ ___|_   _| |  ___/ \  |_ _| |   | ____|  _ \ 
 (_)_____| |    | | |  _| \___ \ | |   | |_ / _ \  | || |   |  _| | | | |
  _|_____| |    | | | |___ ___) || |   |  _/ ___ \ | || |___| |___| |_| |
 (_)     | |    |_| |_____|____/ |_|   |_|/_/   \_\___|_____|_____|____/ 
          \_\                                                            

TEST FAILED: Prediccion
--------------------------------------------------------------------------&amp#27;[0m
[TestDefraudadores-1-thread-1] ERROR net.thucydides.core.steps.ConsoleLoggingListener - &amp#27;[91mTEST FAILED AT STEP Entonces se debe obtener una prediccion&amp#27;[0m
[TestDefraudadores-1-thread-1] ERROR net.thucydides.core.steps.ConsoleLoggingListener - El empleado expected:<[S]ospechoso de fraude> but was:<[No es s]ospechoso de fraude>
]]></system-err>
  </testcase>
  <testcase name="prediccion[12]" classname="com.sura.frauddetection.runner.TestDefraudadores" time="0.006">
    <failure message="El empleado expected:&lt;[S]ospechoso de fraude&gt; but was:&lt;[No es s]ospechoso de fraude&gt;" type="java.lang.AssertionError"><![CDATA[java.lang.AssertionError: El empleado expected:<[S]ospechoso de fraude> but was:<[No es s]ospechoso de fraude>
	at com.sura.frauddetection.runner.TestDefraudadores.prediccion(TestDefraudadores.java:37)
]]></failure>
  </testcase>
  <testcase name="prediccion[13]" classname="com.sura.frauddetection.runner.TestDefraudadores" time="0.006"/>
  <testcase name="prediccion[14]" classname="com.sura.frauddetection.runner.TestDefraudadores" time="0.01">
    <failure message="El empleado expected:&lt;[S]ospechoso de fraude&gt; but was:&lt;[No es s]ospechoso de fraude&gt;" type="java.lang.AssertionError"><![CDATA[java.lang.AssertionError: El empleado expected:<[S]ospechoso de fraude> but was:<[No es s]ospechoso de fraude>
	at com.sura.frauddetection.runner.TestDefraudadores.prediccion(TestDefraudadores.java:37)
]]></failure>
  </testcase>
  <testcase name="prediccion[14]" classname="com.sura.frauddetection.runner.TestDefraudadores" time="0.005">
    <failure message="El empleado expected:&lt;[S]ospechoso de fraude&gt; but was:&lt;[No es s]ospechoso de fraude&gt;" type="java.lang.AssertionError"><![CDATA[java.lang.AssertionError: El empleado expected:<[S]ospechoso de fraude> but was:<[No es s]ospechoso de fraude>
	at com.sura.frauddetection.runner.TestDefraudadores.prediccion(TestDefraudadores.java:37)
]]></failure>
  </testcase>
  <testcase name="prediccion[15]" classname="com.sura.frauddetection.runner.TestDefraudadores" time="0.005"/>
  <testcase name="prediccion[16]" classname="com.sura.frauddetection.runner.TestDefraudadores" time="0.004">
    <failure message="El empleado expected:&lt;[S]ospechoso de fraude&gt; but was:&lt;[No es s]ospechoso de fraude&gt;" type="java.lang.AssertionError"><![CDATA[java.lang.AssertionError: El empleado expected:<[S]ospechoso de fraude> but was:<[No es s]ospechoso de fraude>
	at com.sura.frauddetection.runner.TestDefraudadores.prediccion(TestDefraudadores.java:37)
]]></failure>
    <system-err><![CDATA[[TestDefraudadores-1-thread-3] INFO net.thucydides.core.steps.ConsoleLoggingListener - Test Suite Started: Test defraudadores
[TestDefraudadores-1-thread-3] INFO net.thucydides.core.steps.ConsoleLoggingListener - 
 _____ _____ ____ _____   ____ _____  _    ____ _____ _____ ____  
|_   _| ____/ ___|_   _| / ___|_   _|/ \  |  _ \_   _| ____|  _ \ 
  | | |  _| \___ \ | |   \___ \ | | / _ \ | |_) || | |  _| | | | |
  | | | |___ ___) || |    ___) || |/ ___ \|  _ < | | | |___| |_| |
  |_| |_____|____/ |_|   |____/ |_/_/   \_\_| \_\|_| |_____|____/ 
                                                                  

TEST STARTED: prediccion[17]
-------------------------------------------------------------------
[TestDefraudadores-1-thread-3] INFO net.serenitybdd.core.Serenity - TEST NUMBER: 26
]]></system-err>
  </testcase>
  <testcase name="prediccion[16]" classname="com.sura.frauddetection.runner.TestDefraudadores" time="0.01">
    <failure message="El empleado expected:&lt;[S]ospechoso de fraude&gt; but was:&lt;[No es s]ospechoso de fraude&gt;" type="java.lang.AssertionError"><![CDATA[java.lang.AssertionError: El empleado expected:<[S]ospechoso de fraude> but was:<[No es s]ospechoso de fraude>
	at com.sura.frauddetection.runner.TestDefraudadores.prediccion(TestDefraudadores.java:37)
]]></failure>
    <system-err><![CDATA[[TestDefraudadores-1-thread-1] INFO net.thucydides.core.steps.ConsoleLoggingListener - Test Suite Started: Test defraudadores
[TestDefraudadores-1-thread-1] INFO net.thucydides.core.steps.ConsoleLoggingListener - 
 _____ _____ ____ _____   ____ _____  _    ____ _____ _____ ____  
|_   _| ____/ ___|_   _| / ___|_   _|/ \  |  _ \_   _| ____|  _ \ 
  | | |  _| \___ \ | |   \___ \ | | / _ \ | |_) || | |  _| | | | |
  | | | |___ ___) || |    ___) || |/ ___ \|  _ < | | | |___| |_| |
  |_| |_____|____/ |_|   |____/ |_/_/   \_\_| \_\|_| |_____|____/ 
                                                                  

TEST STARTED: prediccion[20]
-------------------------------------------------------------------
[TestDefraudadores-1-thread-1] INFO net.serenitybdd.core.Serenity - TEST NUMBER: 30
[TestDefraudadores-1-thread-2] INFO net.thucydides.core.steps.ConsoleLoggingListener - &amp#27;[92m
        __    _____ _____ ____ _____   ____   _    ____  ____  _____ ____  
  _     \ \  |_   _| ____/ ___|_   _| |  _ \ / \  / ___|/ ___|| ____|  _ \ 
 (_)_____| |   | | |  _| \___ \ | |   | |_) / _ \ \___ \\___ \|  _| | | | |
  _|_____| |   | | | |___ ___) || |   |  __/ ___ \ ___) |___) | |___| |_| |
 (_)     | |   |_| |_____|____/ |_|   |_| /_/   \_\____/|____/|_____|____/ 
        /_/                                                                

TEST PASSED: Prediccion
----------------------------------------------------------------------------&amp#27;[0m
]]></system-err>
  </testcase>
  <testcase name="prediccion[17]" classname="com.sura.frauddetection.runner.TestDefraudadores" time="0.007"/>
  <testcase name="prediccion[19]" classname="com.sura.frauddetection.runner.TestDefraudadores" time="0.005"/>
  <testcase name="prediccion[18]" classname="com.sura.frauddetection.runner.TestDefraudadores" time="0.005">
    <failure message="El empleado expected:&lt;[S]ospechoso de fraude&gt; but was:&lt;[No es s]ospechoso de fraude&gt;" type="java.lang.AssertionError"><![CDATA[java.lang.AssertionError: El empleado expected:<[S]ospechoso de fraude> but was:<[No es s]ospechoso de fraude>
	at com.sura.frauddetection.runner.TestDefraudadores.prediccion(TestDefraudadores.java:37)
]]></failure>
  </testcase>
  <testcase name="prediccion[18]" classname="com.sura.frauddetection.runner.TestDefraudadores" time="0.004">
    <failure message="El empleado expected:&lt;[S]ospechoso de fraude&gt; but was:&lt;[No es s]ospechoso de fraude&gt;" type="java.lang.AssertionError"><![CDATA[java.lang.AssertionError: El empleado expected:<[S]ospechoso de fraude> but was:<[No es s]ospechoso de fraude>
	at com.sura.frauddetection.runner.TestDefraudadores.prediccion(TestDefraudadores.java:37)
]]></failure>
  </testcase>
  <testcase name="prediccion[20]" classname="com.sura.frauddetection.runner.TestDefraudadores" time="0.01">
    <failure message="El empleado expected:&lt;[S]ospechoso de fraude&gt; but was:&lt;[No es s]ospechoso de fraude&gt;" type="java.lang.AssertionError"><![CDATA[java.lang.AssertionError: El empleado expected:<[S]ospechoso de fraude> but was:<[No es s]ospechoso de fraude>
	at com.sura.frauddetection.runner.TestDefraudadores.prediccion(TestDefraudadores.java:37)
]]></failure>
  </testcase>
  <testcase name="prediccion[20]" classname="com.sura.frauddetection.runner.TestDefraudadores" time="0.004">
    <failure message="El empleado expected:&lt;[S]ospechoso de fraude&gt; but was:&lt;[No es s]ospechoso de fraude&gt;" type="java.lang.AssertionError"><![CDATA[java.lang.AssertionError: El empleado expected:<[S]ospechoso de fraude> but was:<[No es s]ospechoso de fraude>
	at com.sura.frauddetection.runner.TestDefraudadores.prediccion(TestDefraudadores.java:37)
]]></failure>
  </testcase>
  <testcase name="prediccion[21]" classname="com.sura.frauddetection.runner.TestDefraudadores" time="0.007"/>
  <testcase name="prediccion[22]" classname="com.sura.frauddetection.runner.TestDefraudadores" time="0.004">
    <failure message="El empleado expected:&lt;[S]ospechoso de fraude&gt; but was:&lt;[No es s]ospechoso de fraude&gt;" type="java.lang.AssertionError"><![CDATA[java.lang.AssertionError: El empleado expected:<[S]ospechoso de fraude> but was:<[No es s]ospechoso de fraude>
	at com.sura.frauddetection.runner.TestDefraudadores.prediccion(TestDefraudadores.java:37)
]]></failure>
    <system-err><![CDATA[[TestDefraudadores-1-thread-1] INFO net.serenitybdd.junit.runners.SerenityRunner - Retrying class com.sura.frauddetection.runner.TestDefraudadores prediccion: attempt 0
[TestDefraudadores-1-thread-3] INFO net.thucydides.core.steps.ConsoleLoggingListener - 
 _____ _____ ____ _____   ____ _____  _    ____ _____ _____ ____  
|_   _| ____/ ___|_   _| / ___|_   _|/ \  |  _ \_   _| ____|  _ \ 
  | | |  _| \___ \ | |   \___ \ | | / _ \ | |_) || | |  _| | | | |
  | | | |___ ___) || |    ___) || |/ ___ \|  _ < | | | |___| |_| |
  |_| |_____|____/ |_|   |____/ |_/_/   \_\_| \_\|_| |_____|____/ 
                                                                  

TEST STARTED: prediccion[18]
-------------------------------------------------------------------
[TestDefraudadores-1-thread-3] INFO net.serenitybdd.core.Serenity - TEST NUMBER: 32
[TestDefraudadores-1-thread-4] ERROR net.thucydides.core.steps.ConsoleLoggingListener - &amp#27;[91m
           __  _____ _____ ____ _____   _____ _    ___ _     _____ ____  
  _       / / |_   _| ____/ ___|_   _| |  ___/ \  |_ _| |   | ____|  _ \ 
 (_)_____| |    | | |  _| \___ \ | |   | |_ / _ \  | || |   |  _| | | | |
  _|_____| |    | | | |___ ___) || |   |  _/ ___ \ | || |___| |___| |_| |
 (_)     | |    |_| |_____|____/ |_|   |_|/_/   \_\___|_____|_____|____/ 
          \_\                                                            

TEST FAILED: Prediccion
--------------------------------------------------------------------------&amp#27;[0m
[TestDefraudadores-1-thread-4] ERROR net.thucydides.core.steps.ConsoleLoggingListener - &amp#27;[91mTEST FAILED AT STEP Entonces se debe obtener una prediccion&amp#27;[0m
[TestDefraudadores-1-thread-4] ERROR net.thucydides.core.steps.ConsoleLoggingListener - El empleado expected:<[S]ospechoso de fraude> but was:<[No es s]ospechoso de fraude>
[TestDefraudadores-1-thread-2] INFO net.thucydides.core.steps.ConsoleLoggingListener - &amp#27;[92m
        __    _____ _____ ____ _____   ____   _    ____  ____  _____ ____  
  _     \ \  |_   _| ____/ ___|_   _| |  _ \ / \  / ___|/ ___|| ____|  _ \ 
 (_)_____| |   | | |  _| \___ \ | |   | |_) / _ \ \___ \\___ \|  _| | | | |
  _|_____| |   | | | |___ ___) || |   |  __/ ___ \ ___) |___) | |___| |_| |
 (_)     | |   |_| |_____|____/ |_|   |_| /_/   \_\____/|____/|_____|____/ 
        /_/                                                                

TEST PASSED: Prediccion
----------------------------------------------------------------------------&amp#27;[0m
[TestDefraudadores-1-thread-1] INFO net.thucydides.core.steps.ConsoleLoggingListener - 
 _____ _____ ____ _____   ____ _____  _    ____ _____ _____ ____  
|_   _| ____/ ___|_   _| / ___|_   _|/ \  |  _ \_   _| ____|  _ \ 
  | | |  _| \___ \ | |   \___ \ | | / _ \ | |_) || | |  _| | | | |
  | | | |___ ___) || |    ___) || |/ ___ \|  _ < | | | |___| |_| |
  |_| |_____|____/ |_|   |____/ |_/_/   \_\_| \_\|_| |_____|____/ 
                                                                  

TEST STARTED: prediccion[20]
-------------------------------------------------------------------
[TestDefraudadores-1-thread-1] INFO net.serenitybdd.core.Serenity - TEST NUMBER: 33
[TestDefraudadores-1-thread-4] INFO net.thucydides.core.steps.ConsoleLoggingListener - Test Suite Started: Test defraudadores
[TestDefraudadores-1-thread-4] INFO net.thucydides.core.steps.ConsoleLoggingListener - 
 _____ _____ ____ _____   ____ _____  _    ____ _____ _____ ____  
|_   _| ____/ ___|_   _| / ___|_   _|/ \  |  _ \_   _| ____|  _ \ 
  | | |  _| \___ \ | |   \___ \ | | / _ \ | |_) || | |  _| | | | |
  | | | |___ ___) || |    ___) || |/ ___ \|  _ < | | | |___| |_| |
  |_| |_____|____/ |_|   |____/ |_/_/   \_\_| \_\|_| |_____|____/ 
                                                                  

TEST STARTED: prediccion[22]
-------------------------------------------------------------------
[TestDefraudadores-1-thread-4] INFO net.serenitybdd.core.Serenity - TEST NUMBER: 34
[TestDefraudadores-1-thread-2] INFO net.thucydides.core.steps.ConsoleLoggingListener - Test Suite Started: Test defraudadores
[TestDefraudadores-1-thread-2] INFO net.thucydides.core.steps.ConsoleLoggingListener - 
 _____ _____ ____ _____   ____ _____  _    ____ _____ _____ ____  
|_   _| ____/ ___|_   _| / ___|_   _|/ \  |  _ \_   _| ____|  _ \ 
  | | |  _| \___ \ | |   \___ \ | | / _ \ | |_) || | |  _| | | | |
  | | | |___ ___) || |    ___) || |/ ___ \|  _ < | | | |___| |_| |
  |_| |_____|____/ |_|   |____/ |_/_/   \_\_| \_\|_| |_____|____/ 
                                                                  

TEST STARTED: prediccion[23]
-------------------------------------------------------------------
[TestDefraudadores-1-thread-2] INFO net.serenitybdd.core.Serenity - TEST NUMBER: 35
]]></system-err>
  </testcase>
  <testcase name="prediccion[22]" classname="com.sura.frauddetection.runner.TestDefraudadores" time="0">
    <failure message="El empleado expected:&lt;[S]ospechoso de fraude&gt; but was:&lt;[No es s]ospechoso de fraude&gt;" type="java.lang.AssertionError"><![CDATA[java.lang.AssertionError: El empleado expected:<[S]ospechoso de fraude> but was:<[No es s]ospechoso de fraude>
	at com.sura.frauddetection.runner.TestDefraudadores.prediccion(TestDefraudadores.java:37)
]]></failure>
    <system-err><![CDATA[[TestDefraudadores-1-thread-3] ERROR net.thucydides.core.steps.ConsoleLoggingListener - &amp#27;[91m
           __  _____ _____ ____ _____   _____ _    ___ _     _____ ____  
  _       / / |_   _| ____/ ___|_   _| |  ___/ \  |_ _| |   | ____|  _ \ 
 (_)_____| |    | | |  _| \___ \ | |   | |_ / _ \  | || |   |  _| | | | |
  _|_____| |    | | | |___ ___) || |   |  _/ ___ \ | || |___| |___| |_| |
 (_)     | |    |_| |_____|____/ |_|   |_|/_/   \_\___|_____|_____|____/ 
          \_\                                                            

TEST FAILED: Prediccion
--------------------------------------------------------------------------&amp#27;[0m
[TestDefraudadores-1-thread-3] ERROR net.thucydides.core.steps.ConsoleLoggingListener - &amp#27;[91mTEST FAILED AT STEP Entonces se debe obtener una prediccion&amp#27;[0m
[TestDefraudadores-1-thread-3] ERROR net.thucydides.core.steps.ConsoleLoggingListener - El empleado expected:<[S]ospechoso de fraude> but was:<[No es s]ospechoso de fraude>
[TestDefraudadores-1-thread-1] ERROR net.thucydides.core.steps.ConsoleLoggingListener - &amp#27;[91m
           __  _____ _____ ____ _____   _____ _    ___ _     _____ ____  
  _       / / |_   _| ____/ ___|_   _| |  ___/ \  |_ _| |   | ____|  _ \ 
 (_)_____| |    | | |  _| \___ \ | |   | |_ / _ \  | || |   |  _| | | | |
  _|_____| |    | | | |___ ___) || |   |  _/ ___ \ | || |___| |___| |_| |
 (_)     | |    |_| |_____|____/ |_|   |_|/_/   \_\___|_____|_____|____/ 
          \_\                                                            

TEST FAILED: Prediccion
--------------------------------------------------------------------------&amp#27;[0m
[TestDefraudadores-1-thread-1] ERROR net.thucydides.core.steps.ConsoleLoggingListener - &amp#27;[91mTEST FAILED AT STEP Entonces se debe obtener una prediccion&amp#27;[0m
[TestDefraudadores-1-thread-1] ERROR net.thucydides.core.steps.ConsoleLoggingListener - El empleado expected:<[S]ospechoso de fraude> but was:<[No es s]ospechoso de fraude>
[TestDefraudadores-1-thread-2] INFO net.thucydides.core.steps.ConsoleLoggingListener - &amp#27;[92m
        __    _____ _____ ____ _____   ____   _    ____  ____  _____ ____  
  _     \ \  |_   _| ____/ ___|_   _| |  _ \ / \  / ___|/ ___|| ____|  _ \ 
 (_)_____| |   | | |  _| \___ \ | |   | |_) / _ \ \___ \\___ \|  _| | | | |
  _|_____| |   | | | |___ ___) || |   |  __/ ___ \ ___) |___) | |___| |_| |
 (_)     | |   |_| |_____|____/ |_|   |_| /_/   \_\____/|____/|_____|____/ 
        /_/                                                                

TEST PASSED: Prediccion
----------------------------------------------------------------------------&amp#27;[0m
[TestDefraudadores-1-thread-4] INFO net.thucydides.core.steps.ConsoleLoggingListener - 
 _____ _____ ____ _____   ____ _____  _    ____ _____ _____ ____  
|_   _| ____/ ___|_   _| / ___|_   _|/ \  |  _ \_   _| ____|  _ \ 
  | | |  _| \___ \ | |   \___ \ | | / _ \ | |_) || | |  _| | | | |
  | | | |___ ___) || |    ___) || |/ ___ \|  _ < | | | |___| |_| |
  |_| |_____|____/ |_|   |____/ |_/_/   \_\_| \_\|_| |_____|____/ 
                                                                  

TEST STARTED: prediccion[22]
-------------------------------------------------------------------
[TestDefraudadores-1-thread-4] INFO net.serenitybdd.core.Serenity - TEST NUMBER: 36
[TestDefraudadores-1-thread-3] INFO net.thucydides.core.steps.ConsoleLoggingListener - Test Suite Started: Test defraudadores
[TestDefraudadores-1-thread-3] INFO net.thucydides.core.steps.ConsoleLoggingListener - 
 _____ _____ ____ _____   ____ _____  _    ____ _____ _____ ____  
|_   _| ____/ ___|_   _| / ___|_   _|/ \  |  _ \_   _| ____|  _ \ 
  | | |  _| \___ \ | |   \___ \ | | / _ \ | |_) || | |  _| | | | |
  | | | |___ ___) || |    ___) || |/ ___ \|  _ < | | | |___| |_| |
  |_| |_____|____/ |_|   |____/ |_/_/   \_\_| \_\|_| |_____|____/ 
                                                                  

TEST STARTED: prediccion[24]
-------------------------------------------------------------------
[TestDefraudadores-1-thread-3] INFO net.serenitybdd.core.Serenity - TEST NUMBER: 37
]]></system-err>
  </testcase>
  <testcase name="prediccion[23]" classname="com.sura.frauddetection.runner.TestDefraudadores" time="0.008"/>
  <testcase name="prediccion[25]" classname="com.sura.frauddetection.runner.TestDefraudadores" time="0.005"/>
  <testcase name="prediccion[24]" classname="com.sura.frauddetection.runner.TestDefraudadores" time="0.005">
    <failure message="El empleado expected:&lt;[S]ospechoso de fraude&gt; but was:&lt;[No es s]ospechoso de fraude&gt;" type="java.lang.AssertionError"><![CDATA[java.lang.AssertionError: El empleado expected:<[S]ospechoso de fraude> but was:<[No es s]ospechoso de fraude>
	at com.sura.frauddetection.runner.TestDefraudadores.prediccion(TestDefraudadores.java:37)
]]></failure>
  </testcase>
  <testcase name="prediccion[24]" classname="com.sura.frauddetection.runner.TestDefraudadores" time="0.001">
    <failure message="El empleado expected:&lt;[S]ospechoso de fraude&gt; but was:&lt;[No es s]ospechoso de fraude&gt;" type="java.lang.AssertionError"><![CDATA[java.lang.AssertionError: El empleado expected:<[S]ospechoso de fraude> but was:<[No es s]ospechoso de fraude>
	at com.sura.frauddetection.runner.TestDefraudadores.prediccion(TestDefraudadores.java:37)
]]></failure>
    <system-err><![CDATA[[TestDefraudadores-1-thread-1] INFO net.thucydides.core.steps.ConsoleLoggingListener - Test Suite Started: Test defraudadores
[TestDefraudadores-1-thread-1] INFO net.thucydides.core.steps.ConsoleLoggingListener - 
 _____ _____ ____ _____   ____ _____  _    ____ _____ _____ ____  
|_   _| ____/ ___|_   _| / ___|_   _|/ \  |  _ \_   _| ____|  _ \ 
  | | |  _| \___ \ | |   \___ \ | | / _ \ | |_) || | |  _| | | | |
  | | | |___ ___) || |    ___) || |/ ___ \|  _ < | | | |___| |_| |
  |_| |_____|____/ |_|   |____/ |_/_/   \_\_| \_\|_| |_____|____/ 
                                                                  

TEST STARTED: prediccion[29]
-------------------------------------------------------------------
[TestDefraudadores-1-thread-1] INFO net.serenitybdd.core.Serenity - TEST NUMBER: 43
]]></system-err>
  </testcase>
  <testcase name="prediccion[26]" classname="com.sura.frauddetection.runner.TestDefraudadores" time="0.012">
    <failure message="El empleado expected:&lt;[S]ospechoso de fraude&gt; but was:&lt;[No es s]ospechoso de fraude&gt;" type="java.lang.AssertionError"><![CDATA[java.lang.AssertionError: El empleado expected:<[S]ospechoso de fraude> but was:<[No es s]ospechoso de fraude>
	at com.sura.frauddetection.runner.TestDefraudadores.prediccion(TestDefraudadores.java:37)
]]></failure>
    <system-err><![CDATA[[TestDefraudadores-1-thread-1] INFO net.thucydides.core.steps.ConsoleLoggingListener - &amp#27;[92m
        __    _____ _____ ____ _____   ____   _    ____  ____  _____ ____  
  _     \ \  |_   _| ____/ ___|_   _| |  _ \ / \  / ___|/ ___|| ____|  _ \ 
 (_)_____| |   | | |  _| \___ \ | |   | |_) / _ \ \___ \\___ \|  _| | | | |
  _|_____| |   | | | |___ ___) || |   |  __/ ___ \ ___) |___) | |___| |_| |
 (_)     | |   |_| |_____|____/ |_|   |_| /_/   \_\____/|____/|_____|____/ 
        /_/                                                                

TEST PASSED: Prediccion
----------------------------------------------------------------------------&amp#27;[0m
[TestDefraudadores-1-thread-4] ERROR net.thucydides.core.steps.ConsoleLoggingListener - &amp#27;[91m
           __  _____ _____ ____ _____   _____ _    ___ _     _____ ____  
  _       / / |_   _| ____/ ___|_   _| |  ___/ \  |_ _| |   | ____|  _ \ 
 (_)_____| |    | | |  _| \___ \ | |   | |_ / _ \  | || |   |  _| | | | |
  _|_____| |    | | | |___ ___) || |   |  _/ ___ \ | || |___| |___| |_| |
 (_)     | |    |_| |_____|____/ |_|   |_|/_/   \_\___|_____|_____|____/ 
          \_\                                                            

TEST FAILED: Prediccion
--------------------------------------------------------------------------&amp#27;[0m
[TestDefraudadores-1-thread-4] ERROR net.thucydides.core.steps.ConsoleLoggingListener - &amp#27;[91mTEST FAILED AT STEP Entonces se debe obtener una prediccion&amp#27;[0m
[TestDefraudadores-1-thread-4] ERROR net.thucydides.core.steps.ConsoleLoggingListener - El empleado expected:<[S]ospechoso de fraude> but was:<[No es s]ospechoso de fraude>
]]></system-err>
  </testcase>
  <testcase name="prediccion[26]" classname="com.sura.frauddetection.runner.TestDefraudadores" time="0.002">
    <failure message="El empleado expected:&lt;[S]ospechoso de fraude&gt; but was:&lt;[No es s]ospechoso de fraude&gt;" type="java.lang.AssertionError"><![CDATA[java.lang.AssertionError: El empleado expected:<[S]ospechoso de fraude> but was:<[No es s]ospechoso de fraude>
	at com.sura.frauddetection.runner.TestDefraudadores.prediccion(TestDefraudadores.java:37)
]]></failure>
  </testcase>
  <testcase name="prediccion[27]" classname="com.sura.frauddetection.runner.TestDefraudadores" time="0.001"/>
  <testcase name="prediccion[28]" classname="com.sura.frauddetection.runner.TestDefraudadores" time="0">
    <failure message="El empleado expected:&lt;[S]ospechoso de fraude&gt; but was:&lt;[No es s]ospechoso de fraude&gt;" type="java.lang.AssertionError"><![CDATA[java.lang.AssertionError: El empleado expected:<[S]ospechoso de fraude> but was:<[No es s]ospechoso de fraude>
	at com.sura.frauddetection.runner.TestDefraudadores.prediccion(TestDefraudadores.java:37)
]]></failure>
    <system-err><![CDATA[[TestDefraudadores-1-thread-4] INFO net.thucydides.core.steps.ConsoleLoggingListener - Test Suite Started: Test defraudadores
[TestDefraudadores-1-thread-4] INFO net.thucydides.core.steps.ConsoleLoggingListener - 
 _____ _____ ____ _____   ____ _____  _    ____ _____ _____ ____  
|_   _| ____/ ___|_   _| / ___|_   _|/ \  |  _ \_   _| ____|  _ \ 
  | | |  _| \___ \ | |   \___ \ | | / _ \ | |_) || | |  _| | | | |
  | | | |___ ___) || |    ___) || |/ ___ \|  _ < | | | |___| |_| |
  |_| |_____|____/ |_|   |____/ |_/_/   \_\_| \_\|_| |_____|____/ 
                                                                  

TEST STARTED: prediccion[28]
-------------------------------------------------------------------
[TestDefraudadores-1-thread-4] INFO net.serenitybdd.core.Serenity - TEST NUMBER: 42
[TestDefraudadores-1-thread-1] INFO net.thucydides.core.steps.ConsoleLoggingListener - &amp#27;[92m
        __    _____ _____ ____ _____   ____   _    ____  ____  _____ ____  
  _     \ \  |_   _| ____/ ___|_   _| |  _ \ / \  / ___|/ ___|| ____|  _ \ 
 (_)_____| |   | | |  _| \___ \ | |   | |_) / _ \ \___ \\___ \|  _| | | | |
  _|_____| |   | | | |___ ___) || |   |  __/ ___ \ ___) |___) | |___| |_| |
 (_)     | |   |_| |_____|____/ |_|   |_| /_/   \_\____/|____/|_____|____/ 
        /_/                                                                

TEST PASSED: Prediccion
----------------------------------------------------------------------------&amp#27;[0m
[TestDefraudadores-1-thread-2] ERROR net.thucydides.core.steps.ConsoleLoggingListener - &amp#27;[91m
           __  _____ _____ ____ _____   _____ _    ___ _     _____ ____  
  _       / / |_   _| ____/ ___|_   _| |  ___/ \  |_ _| |   | ____|  _ \ 
 (_)_____| |    | | |  _| \___ \ | |   | |_ / _ \  | || |   |  _| | | | |
  _|_____| |    | | | |___ ___) || |   |  _/ ___ \ | || |___| |___| |_| |
 (_)     | |    |_| |_____|____/ |_|   |_|/_/   \_\___|_____|_____|____/ 
          \_\                                                            

TEST FAILED: Prediccion
--------------------------------------------------------------------------&amp#27;[0m
[TestDefraudadores-1-thread-2] ERROR net.thucydides.core.steps.ConsoleLoggingListener - &amp#27;[91mTEST FAILED AT STEP Entonces se debe obtener una prediccion&amp#27;[0m
[TestDefraudadores-1-thread-2] ERROR net.thucydides.core.steps.ConsoleLoggingListener - El empleado expected:<[S]ospechoso de fraude> but was:<[No es s]ospechoso de fraude>
[TestDefraudadores-1-thread-2] INFO net.serenitybdd.junit.runners.SerenityRunner - Retrying class com.sura.frauddetection.runner.TestDefraudadores prediccion: attempt 0
]]></system-err>
  </testcase>
  <testcase name="prediccion[28]" classname="com.sura.frauddetection.runner.TestDefraudadores" time="0.002">
    <failure message="El empleado expected:&lt;[S]ospechoso de fraude&gt; but was:&lt;[No es s]ospechoso de fraude&gt;" type="java.lang.AssertionError"><![CDATA[java.lang.AssertionError: El empleado expected:<[S]ospechoso de fraude> but was:<[No es s]ospechoso de fraude>
	at com.sura.frauddetection.runner.TestDefraudadores.prediccion(TestDefraudadores.java:37)
]]></failure>
    <system-err><![CDATA[[TestDefraudadores-1-thread-4] ERROR net.thucydides.core.steps.ConsoleLoggingListener - &amp#27;[91m
           __  _____ _____ ____ _____   _____ _    ___ _     _____ ____  
  _       / / |_   _| ____/ ___|_   _| |  ___/ \  |_ _| |   | ____|  _ \ 
 (_)_____| |    | | |  _| \___ \ | |   | |_ / _ \  | || |   |  _| | | | |
  _|_____| |    | | | |___ ___) || |   |  _/ ___ \ | || |___| |___| |_| |
 (_)     | |    |_| |_____|____/ |_|   |_|/_/   \_\___|_____|_____|____/ 
          \_\                                                            

TEST FAILED: Prediccion
--------------------------------------------------------------------------&amp#27;[0m
[TestDefraudadores-1-thread-4] ERROR net.thucydides.core.steps.ConsoleLoggingListener - &amp#27;[91mTEST FAILED AT STEP Entonces se debe obtener una prediccion&amp#27;[0m
[TestDefraudadores-1-thread-4] ERROR net.thucydides.core.steps.ConsoleLoggingListener - El empleado expected:<[S]ospechoso de fraude> but was:<[No es s]ospechoso de fraude>
[TestDefraudadores-1-thread-4] INFO net.serenitybdd.junit.runners.SerenityRunner - Retrying class com.sura.frauddetection.runner.TestDefraudadores prediccion: attempt 0
[TestDefraudadores-1-thread-1] INFO net.thucydides.core.steps.ConsoleLoggingListener - &amp#27;[92m
        __    _____ _____ ____ _____   ____   _    ____  ____  _____ ____  
  _     \ \  |_   _| ____/ ___|_   _| |  _ \ / \  / ___|/ ___|| ____|  _ \ 
 (_)_____| |   | | |  _| \___ \ | |   | |_) / _ \ \___ \\___ \|  _| | | | |
  _|_____| |   | | | |___ ___) || |   |  __/ ___ \ ___) |___) | |___| |_| |
 (_)     | |   |_| |_____|____/ |_|   |_| /_/   \_\____/|____/|_____|____/ 
        /_/                                                                

TEST PASSED: Prediccion
----------------------------------------------------------------------------&amp#27;[0m
[TestDefraudadores-1-thread-4] INFO net.thucydides.core.steps.ConsoleLoggingListener - 
 _____ _____ ____ _____   ____ _____  _    ____ _____ _____ ____  
|_   _| ____/ ___|_   _| / ___|_   _|/ \  |  _ \_   _| ____|  _ \ 
  | | |  _| \___ \ | |   \___ \ | | / _ \ | |_) || | |  _| | | | |
  | | | |___ ___) || |    ___) || |/ ___ \|  _ < | | | |___| |_| |
  |_| |_____|____/ |_|   |____/ |_/_/   \_\_| \_\|_| |_____|____/ 
                                                                  

TEST STARTED: prediccion[28]
-------------------------------------------------------------------
[TestDefraudadores-1-thread-4] INFO net.serenitybdd.core.Serenity - TEST NUMBER: 45
[TestDefraudadores-1-thread-3] ERROR net.thucydides.core.steps.ConsoleLoggingListener - &amp#27;[91m
           __  _____ _____ ____ _____   _____ _    ___ _     _____ ____  
  _       / / |_   _| ____/ ___|_   _| |  ___/ \  |_ _| |   | ____|  _ \ 
 (_)_____| |    | | |  _| \___ \ | |   | |_ / _ \  | || |   |  _| | | | |
  _|_____| |    | | | |___ ___) || |   |  _/ ___ \ | || |___| |___| |_| |
 (_)     | |    |_| |_____|____/ |_|   |_|/_/   \_\___|_____|_____|____/ 
          \_\                                                            

TEST FAILED: Prediccion
--------------------------------------------------------------------------&amp#27;[0m
[TestDefraudadores-1-thread-3] ERROR net.thucydides.core.steps.ConsoleLoggingListener - &amp#27;[91mTEST FAILED AT STEP Entonces se debe obtener una prediccion&amp#27;[0m
[TestDefraudadores-1-thread-3] ERROR net.thucydides.core.steps.ConsoleLoggingListener - El empleado expected:<[S]ospechoso de fraude> but was:<[No es s]ospechoso de fraude>
[TestDefraudadores-1-thread-1] INFO net.thucydides.core.steps.ConsoleLoggingListener - Test Suite Started: Test defraudadores
[TestDefraudadores-1-thread-1] INFO net.thucydides.core.steps.ConsoleLoggingListener - 
 _____ _____ ____ _____   ____ _____  _    ____ _____ _____ ____  
|_   _| ____/ ___|_   _| / ___|_   _|/ \  |  _ \_   _| ____|  _ \ 
  | | |  _| \___ \ | |   \___ \ | | / _ \ | |_) || | |  _| | | | |
  | | | |___ ___) || |    ___) || |/ ___ \|  _ < | | | |___| |_| |
  |_| |_____|____/ |_|   |____/ |_/_/   \_\_| \_\|_| |_____|____/ 
                                                                  

TEST STARTED: prediccion[30]
-------------------------------------------------------------------
[TestDefraudadores-1-thread-1] INFO net.serenitybdd.core.Serenity - TEST NUMBER: 46
]]></system-err>
  </testcase>
  <testcase name="prediccion[29]" classname="com.sura.frauddetection.runner.TestDefraudadores" time="0.003"/>
  <testcase name="prediccion[30]" classname="com.sura.frauddetection.runner.TestDefraudadores" time="0.006">
    <failure message="El empleado expected:&lt;[S]ospechoso de fraude&gt; but was:&lt;[No es s]ospechoso de fraude&gt;" type="java.lang.AssertionError"><![CDATA[java.lang.AssertionError: El empleado expected:<[S]ospechoso de fraude> but was:<[No es s]ospechoso de fraude>
	at com.sura.frauddetection.runner.TestDefraudadores.prediccion(TestDefraudadores.java:37)
]]></failure>
    <system-err><![CDATA[[TestDefraudadores-1-thread-2] ERROR net.thucydides.core.steps.ConsoleLoggingListener - &amp#27;[91m
           __  _____ _____ ____ _____   _____ _    ___ _     _____ ____  
  _       / / |_   _| ____/ ___|_   _| |  ___/ \  |_ _| |   | ____|  _ \ 
 (_)_____| |    | | |  _| \___ \ | |   | |_ / _ \  | || |   |  _| | | | |
  _|_____| |    | | | |___ ___) || |   |  _/ ___ \ | || |___| |___| |_| |
 (_)     | |    |_| |_____|____/ |_|   |_|/_/   \_\___|_____|_____|____/ 
          \_\                                                            

TEST FAILED: Prediccion
--------------------------------------------------------------------------&amp#27;[0m
[TestDefraudadores-1-thread-2] ERROR net.thucydides.core.steps.ConsoleLoggingListener - &amp#27;[91mTEST FAILED AT STEP Entonces se debe obtener una prediccion&amp#27;[0m
[TestDefraudadores-1-thread-2] ERROR net.thucydides.core.steps.ConsoleLoggingListener - El empleado expected:<[S]ospechoso de fraude> but was:<[No es s]ospechoso de fraude>
]]></system-err>
  </testcase>
  <testcase name="prediccion[30]" classname="com.sura.frauddetection.runner.TestDefraudadores" time="0.004">
    <failure message="El empleado expected:&lt;[S]ospechoso de fraude&gt; but was:&lt;[No es s]ospechoso de fraude&gt;" type="java.lang.AssertionError"><![CDATA[java.lang.AssertionError: El empleado expected:<[S]ospechoso de fraude> but was:<[No es s]ospechoso de fraude>
	at com.sura.frauddetection.runner.TestDefraudadores.prediccion(TestDefraudadores.java:37)
]]></failure>
    <system-err><![CDATA[[TestDefraudadores-1-thread-4] ERROR net.thucydides.core.steps.ConsoleLoggingListener - &amp#27;[91m
           __  _____ _____ ____ _____   _____ _    ___ _     _____ ____  
  _       / / |_   _| ____/ ___|_   _| |  ___/ \  |_ _| |   | ____|  _ \ 
 (_)_____| |    | | |  _| \___ \ | |   | |_ / _ \  | || |   |  _| | | | |
  _|_____| |    | | | |___ ___) || |   |  _/ ___ \ | || |___| |___| |_| |
 (_)     | |    |_| |_____|____/ |_|   |_|/_/   \_\___|_____|_____|____/ 
          \_\                                                            

TEST FAILED: Prediccion
--------------------------------------------------------------------------&amp#27;[0m
[TestDefraudadores-1-thread-4] ERROR net.thucydides.core.steps.ConsoleLoggingListener - &amp#27;[91mTEST FAILED AT STEP Entonces se debe obtener una prediccion&amp#27;[0m
[TestDefraudadores-1-thread-4] ERROR net.thucydides.core.steps.ConsoleLoggingListener - El empleado expected:<[S]ospechoso de fraude> but was:<[No es s]ospechoso de fraude>
[TestDefraudadores-1-thread-1] ERROR net.thucydides.core.steps.ConsoleLoggingListener - &amp#27;[91m
           __  _____ _____ ____ _____   _____ _    ___ _     _____ ____  
  _       / / |_   _| ____/ ___|_   _| |  ___/ \  |_ _| |   | ____|  _ \ 
 (_)_____| |    | | |  _| \___ \ | |   | |_ / _ \  | || |   |  _| | | | |
  _|_____| |    | | | |___ ___) || |   |  _/ ___ \ | || |___| |___| |_| |
 (_)     | |    |_| |_____|____/ |_|   |_|/_/   \_\___|_____|_____|____/ 
          \_\                                                            

TEST FAILED: Prediccion
--------------------------------------------------------------------------&amp#27;[0m
[TestDefraudadores-1-thread-1] ERROR net.thucydides.core.steps.ConsoleLoggingListener - &amp#27;[91mTEST FAILED AT STEP Entonces se debe obtener una prediccion&amp#27;[0m
[TestDefraudadores-1-thread-1] ERROR net.thucydides.core.steps.ConsoleLoggingListener - El empleado expected:<[S]ospechoso de fraude> but was:<[No es s]ospechoso de fraude>
[TestDefraudadores-1-thread-1] INFO net.serenitybdd.junit.runners.SerenityRunner - Retrying class com.sura.frauddetection.runner.TestDefraudadores prediccion: attempt 0
[TestDefraudadores-1-thread-1] INFO net.thucydides.core.steps.ConsoleLoggingListener - 
 _____ _____ ____ _____   ____ _____  _    ____ _____ _____ ____  
|_   _| ____/ ___|_   _| / ___|_   _|/ \  |  _ \_   _| ____|  _ \ 
  | | |  _| \___ \ | |   \___ \ | | / _ \ | |_) || | |  _| | | | |
  | | | |___ ___) || |    ___) || |/ ___ \|  _ < | | | |___| |_| |
  |_| |_____|____/ |_|   |____/ |_/_/   \_\_| \_\|_| |_____|____/ 
                                                                  

TEST STARTED: prediccion[30]
-------------------------------------------------------------------
[TestDefraudadores-1-thread-1] INFO net.serenitybdd.core.Serenity - TEST NUMBER: 47
]]></system-err>
  </testcase>
</testsuite>